{"meta": {"version": "7.2.3", "timestamp": "2023-04-25T15:59:03.013508", "branch_coverage": true, "show_contexts": false}, "files": {"gef.py": {"executed_lines": [52, 53, 54, 55, 56, 57, 58, 59, 60, 61, 62, 63, 64, 65, 66, 67, 68, 69, 70, 71, 72, 73, 74, 75, 76, 77, 78, 79, 80, 81, 82, 83, 84, 85, 86, 89, 91, 92, 94, 97, 98, 99, 100, 101, 104, 120, 121, 130, 131, 132, 133, 135, 136, 138, 141, 142, 144, 145, 147, 148, 149, 150, 151, 152, 153, 154, 155, 156, 157, 159, 161, 162, 163, 164, 165, 168, 172, 173, 174, 175, 177, 178, 181, 184, 185, 190, 191, 193, 195, 198, 211, 212, 214, 219, 221, 222, 223, 224, 225, 226, 227, 228, 230, 233, 235, 236, 240, 241, 244, 247, 248, 251, 252, 254, 255, 256, 258, 259, 273, 274, 276, 282, 283, 284, 285, 287, 294, 300, 306, 312, 314, 315, 318, 320, 321, 324, 326, 327, 330, 332, 333, 336, 338, 339, 342, 344, 345, 350, 352, 353, 358, 360, 361, 362, 370, 373, 374, 375, 376, 378, 380, 383, 386, 387, 388, 389, 393, 396, 398, 399, 400, 401, 402, 403, 404, 405, 407, 408, 409, 410, 411, 413, 414, 415, 416, 417, 420, 423, 424, 425, 426, 428, 431, 433, 434, 435, 436, 438, 439, 442, 443, 444, 445, 448, 452, 455, 459, 461, 462, 463, 464, 465, 466, 467, 468, 470, 471, 472, 479, 480, 481, 483, 485, 487, 488, 491, 492, 493, 494, 495, 496, 497, 498, 500, 502, 503, 504, 505, 506, 509, 510, 511, 530, 531, 532, 533, 534, 535, 536, 537, 538, 539, 540, 541, 542, 543, 544, 545, 546, 547, 548, 549, 550, 551, 552, 553, 555, 556, 558, 560, 561, 562, 563, 564, 565, 566, 567, 570, 571, 572, 573, 574, 575, 576, 578, 579, 580, 581, 582, 583, 584, 585, 587, 588, 589, 591, 594, 595, 598, 599, 601, 602, 604, 605, 606, 607, 609, 610, 611, 614, 615, 616, 617, 618, 619, 620, 622, 623, 624, 625, 626, 627, 629, 630, 631, 632, 633, 634, 635, 636, 638, 639, 640, 641, 642, 643, 644, 646, 647, 648, 651, 652, 653, 656, 657, 659, 660, 661, 662, 663, 664, 665, 666, 668, 671, 672, 674, 675, 677, 678, 683, 684, 688, 693, 696, 697, 698, 700, 701, 703, 706, 710, 711, 714, 715, 716, 717, 718, 719, 721, 724, 726, 727, 728, 729, 731, 732, 734, 735, 738, 742, 743, 749, 750, 751, 753, 755, 756, 757, 758, 759, 760, 761, 762, 763, 764, 765, 766, 767, 769, 770, 771, 772, 773, 775, 776, 777, 778, 779, 780, 781, 782, 783, 784, 786, 787, 788, 789, 790, 791, 792, 793, 794, 795, 796, 797, 798, 799, 800, 801, 802, 803, 804, 805, 807, 808, 809, 810, 812, 814, 817, 818, 819, 820, 824, 827, 829, 831, 832, 836, 838, 841, 844, 845, 848, 851, 852, 855, 856, 860, 861, 863, 864, 865, 867, 868, 869, 870, 872, 873, 875, 876, 877, 878, 880, 881, 883, 884, 886, 889, 890, 893, 894, 895, 897, 898, 907, 908, 909, 910, 911, 912, 913, 914, 915, 916, 918, 919, 920, 921, 922, 923, 926, 927, 928, 929, 930, 932, 933, 934, 936, 937, 938, 940, 941, 942, 944, 945, 946, 948, 949, 950, 952, 953, 954, 956, 957, 958, 960, 961, 962, 964, 965, 966, 968, 969, 970, 973, 974, 975, 976, 977, 978, 979, 980, 981, 982, 983, 984, 985, 986, 987, 988, 989, 990, 991, 992, 993, 994, 995, 996, 998, 999, 1002, 1003, 1004, 1005, 1007, 1008, 1009, 1010, 1011, 1012, 1013, 1014, 1016, 1017, 1019, 1020, 1021, 1022, 1023, 1024, 1025, 1031, 1032, 1034, 1040, 1041, 1042, 1043, 1044, 1045, 1046, 1047, 1048, 1049, 1050, 1051, 1052, 1053, 1054, 1055, 1056, 1057, 1058, 1059, 1060, 1061, 1062, 1063, 1064, 1065, 1066, 1067, 1068, 1069, 1070, 1071, 1072, 1073, 1074, 1075, 1076, 1077, 1078, 1079, 1080, 1081, 1083, 1084, 1087, 1088, 1089, 1090, 1091, 1092, 1093, 1094, 1095, 1096, 1097, 1098, 1099, 1100, 1101, 1102, 1103, 1105, 1106, 1107, 1109, 1110, 1111, 1112, 1113, 1114, 1115, 1116, 1117, 1118, 1119, 1121, 1122, 1124, 1125, 1126, 1127, 1128, 1129, 1130, 1137, 1138, 1139, 1141, 1142, 1143, 1147, 1148, 1149, 1150, 1151, 1152, 1153, 1154, 1156, 1162, 1163, 1165, 1166, 1168, 1172, 1173, 1176, 1179, 1181, 1182, 1183, 1184, 1187, 1188, 1190, 1191, 1193, 1194, 1196, 1197, 1198, 1200, 1201, 1203, 1204, 1205, 1206, 1207, 1208, 1209, 1214, 1215, 1218, 1219, 1220, 1223, 1224, 1227, 1228, 1230, 1231, 1232, 1233, 1235, 1236, 1237, 1238, 1239, 1241, 1242, 1243, 1246, 1249, 1252, 1253, 1254, 1256, 1257, 1260, 1261, 1264, 1265, 1267, 1272, 1273, 1274, 1275, 1281, 1282, 1283, 1286, 1287, 1289, 1290, 1291, 1292, 1293, 1294, 1296, 1297, 1298, 1299, 1303, 1305, 1309, 1318, 1320, 1323, 1327, 1328, 1329, 1331, 1332, 1333, 1338, 1339, 1341, 1342, 1343, 1344, 1345, 1347, 1350, 1351, 1353, 1354, 1356, 1357, 1359, 1360, 1361, 1363, 1364, 1365, 1367, 1368, 1370, 1371, 1373, 1375, 1378, 1379, 1380, 1382, 1383, 1384, 1386, 1387, 1388, 1390, 1391, 1392, 1394, 1395, 1396, 1398, 1399, 1400, 1402, 1403, 1404, 1406, 1407, 1410, 1411, 1412, 1414, 1415, 1418, 1419, 1422, 1423, 1426, 1427, 1430, 1432, 1433, 1434, 1435, 1437, 1438, 1439, 1440, 1441, 1443, 1448, 1449, 1451, 1452, 1453, 1454, 1456, 1457, 1458, 1460, 1462, 1463, 1465, 1466, 1467, 1471, 1473, 1474, 1477, 1480, 1481, 1482, 1484, 1485, 1499, 1500, 1504, 1505, 1506, 1507, 1509, 1510, 1516, 1517, 1518, 1519, 1520, 1522, 1530, 1532, 1533, 1534, 1535, 1536, 1537, 1538, 1539, 1540, 1541, 1543, 1544, 1545, 1547, 1548, 1550, 1551, 1554, 1555, 1556, 1558, 1559, 1560, 1562, 1563, 1564, 1566, 1567, 1570, 1571, 1574, 1575, 1578, 1580, 1581, 1582, 1583, 1584, 1586, 1587, 1588, 1590, 1591, 1593, 1594, 1595, 1597, 1598, 1600, 1603, 1606, 1608, 1611, 1612, 1615, 1618, 1619, 1620, 1622, 1623, 1625, 1626, 1628, 1629, 1631, 1634, 1638, 1641, 1642, 1644, 1645, 1646, 1648, 1649, 1650, 1651, 1655, 1656, 1657, 1661, 1662, 1664, 1666, 1683, 1684, 1687, 1688, 1692, 1694, 1697, 1699, 1700, 1701, 1702, 1704, 1706, 1713, 1715, 1716, 1718, 1720, 1722, 1724, 1725, 1728, 1730, 1731, 1732, 1733, 1735, 1738, 1741, 1742, 1743, 1744, 1747, 1748, 1749, 1752, 1753, 1754, 1757, 1758, 1759, 1762, 1763, 1764, 1767, 1769, 1772, 1773, 1776, 1779, 1785, 1786, 1788, 1789, 1790, 1792, 1793, 1795, 1798, 1799, 1801, 1802, 1803, 1804, 1805, 1806, 1807, 1808, 1810, 1811, 1812, 1816, 1817, 1818, 1821, 1823, 1824, 1825, 1826, 1829, 1831, 1834, 1835, 1837, 1838, 1839, 1840, 1841, 1843, 1846, 1847, 1854, 1855, 1856, 1858, 1859, 1860, 1861, 1863, 1864, 1865, 1866, 1869, 1877, 1878, 1880, 1881, 1882, 1884, 1885, 1886, 1888, 1889, 1890, 1891, 1895, 1896, 1899, 1901, 1904, 1906, 1909, 1911, 1912, 1915, 1917, 1918, 1921, 1922, 1923, 1924, 1926, 1927, 1928, 1931, 1932, 1933, 1934, 1936, 1938, 1939, 1940, 1941, 1942, 1944, 1946, 1947, 1948, 1951, 1960, 1967, 1969, 1970, 1971, 1972, 1975, 1976, 1984, 1985, 1990, 1991, 1992, 1994, 1995, 1996, 1997, 1998, 1999, 2002, 2011, 2012, 2014, 2015, 2016, 2017, 2018, 2019, 2021, 2023, 2024, 2026, 2028, 2031, 2034, 2038, 2042, 2043, 2044, 2045, 2047, 2050, 2055, 2058, 2062, 2063, 2065, 2068, 2079, 2081, 2084, 2086, 2087, 2090, 2092, 2095, 2100, 2103, 2105, 2106, 2107, 2108, 2109, 2110, 2111, 2116, 2117, 2120, 2122, 2123, 2126, 2141, 2142, 2146, 2147, 2149, 2150, 2151, 2153, 2154, 2155, 2159, 2160, 2163, 2164, 2166, 2167, 2174, 2175, 2180, 2184, 2185, 2189, 2190, 2194, 2196, 2197, 2198, 2199, 2202, 2203, 2204, 2205, 2208, 2209, 2210, 2211, 2217, 2218, 2221, 2222, 2223, 2225, 2227, 2228, 2229, 2230, 2231, 2234, 2235, 2238, 2239, 2240, 2241, 2242, 2243, 2244, 2245, 2246, 2247, 2248, 2251, 2252, 2253, 2255, 2256, 2257, 2260, 2263, 2266, 2267, 2271, 2273, 2276, 2279, 2282, 2285, 2288, 2291, 2292, 2294, 2295, 2298, 2299, 2300, 2302, 2304, 2305, 2306, 2308, 2309, 2311, 2312, 2313, 2314, 2317, 2318, 2319, 2321, 2322, 2323, 2324, 2326, 2327, 2330, 2331, 2332, 2334, 2335, 2336, 2338, 2339, 2342, 2343, 2344, 2350, 2352, 2353, 2354, 2355, 2356, 2357, 2362, 2364, 2366, 2367, 2368, 2369, 2372, 2373, 2374, 2375, 2376, 2377, 2378, 2379, 2380, 2381, 2382, 2383, 2384, 2387, 2388, 2389, 2390, 2391, 2396, 2397, 2398, 2399, 2400, 2402, 2403, 2405, 2406, 2409, 2412, 2423, 2424, 2427, 2428, 2436, 2439, 2495, 2504, 2505, 2506, 2507, 2512, 2513, 2514, 2515, 2524, 2525, 2526, 2527, 2529, 2533, 2534, 2540, 2541, 2546, 2547, 2550, 2551, 2555, 2556, 2559, 2564, 2576, 2583, 2587, 2620, 2635, 2636, 2653, 2654, 2655, 2656, 2658, 2664, 2665, 2666, 2677, 2678, 2679, 2681, 2686, 2693, 2697, 2701, 2702, 2712, 2713, 2736, 2743, 2774, 2775, 2776, 2777, 2779, 2780, 2781, 2782, 2783, 2784, 2785, 2786, 2787, 2801, 2802, 2803, 2804, 2806, 2807, 2808, 2809, 2810, 2812, 2813, 2814, 2815, 2817, 2818, 2820, 2821, 2822, 2828, 2830, 2875, 2876, 2877, 2878, 2879, 2880, 2882, 2884, 2885, 2900, 2911, 2912, 2913, 2914, 2916, 2919, 2920, 2921, 2922, 2923, 2925, 2926, 2928, 2929, 2954, 2955, 2957, 2958, 2959, 2960, 2962, 2968, 2969, 2970, 2971, 2972, 2983, 2984, 2985, 2986, 2989, 2996, 2999, 3002, 3007, 3020, 3028, 3029, 3054, 3055, 3056, 3057, 3058, 3061, 3062, 3065, 3066, 3067, 3069, 3075, 3076, 3077, 3078, 3079, 3087, 3088, 3089, 3091, 3098, 3101, 3104, 3113, 3137, 3145, 3146, 3165, 3166, 3170, 3171, 3172, 3174, 3181, 3182, 3189, 3191, 3192, 3211, 3212, 3213, 3214, 3217, 3223, 3224, 3225, 3226, 3227, 3228, 3229, 3230, 3231, 3233, 3236, 3239, 3242, 3247, 3269, 3277, 3278, 3294, 3295, 3296, 3297, 3298, 3300, 3301, 3302, 3305, 3323, 3324, 3325, 3329, 3330, 3331, 3335, 3341, 3347, 3349, 3350, 3353, 3360, 3361, 3365, 3366, 3367, 3368, 3369, 3370, 3373, 3374, 3381, 3382, 3383, 3384, 3385, 3386, 3389, 3391, 3392, 3393, 3394, 3398, 3406, 3407, 3409, 3410, 3411, 3412, 3413, 3416, 3417, 3419, 3420, 3421, 3422, 3424, 3425, 3427, 3429, 3430, 3433, 3436, 3440, 3441, 3444, 3445, 3446, 3448, 3451, 3452, 3455, 3459, 3460, 3461, 3466, 3467, 3470, 3471, 3472, 3476, 3477, 3480, 3481, 3482, 3483, 3486, 3487, 3490, 3491, 3492, 3494, 3495, 3498, 3500, 3501, 3504, 3506, 3507, 3508, 3511, 3513, 3516, 3518, 3519, 3520, 3523, 3525, 3526, 3527, 3528, 3532, 3533, 3534, 3535, 3536, 3537, 3538, 3540, 3541, 3545, 3549, 3552, 3555, 3556, 3557, 3558, 3559, 3560, 3561, 3562, 3565, 3567, 3568, 3571, 3573, 3574, 3577, 3579, 3580, 3605, 3606, 3608, 3611, 3612, 3614, 3617, 3618, 3620, 3623, 3624, 3626, 3629, 3630, 3631, 3634, 3635, 3639, 3647, 3650, 3657, 3659, 3660, 3665, 3666, 3667, 3670, 3673, 3674, 3675, 3676, 3677, 3678, 3681, 3682, 3701, 3704, 3705, 3706, 3719, 3721, 3722, 3724, 3727, 3730, 3732, 3733, 3735, 3738, 3741, 3743, 3746, 3749, 3754, 3760, 3762, 3763, 3764, 3767, 3768, 3769, 3770, 3773, 3775, 3778, 3780, 3781, 3783, 3784, 3785, 3786, 3787, 3789, 3790, 3792, 3793, 3794, 3796, 3799, 3801, 3802, 3805, 3808, 3809, 3810, 3811, 3812, 3815, 3816, 3818, 3819, 3823, 3824, 3826, 3827, 3828, 3829, 3830, 3833, 3836, 3837, 3838, 3839, 3840, 3841, 3842, 3845, 3848, 3850, 3851, 3854, 3855, 3869, 3870, 3874, 3875, 3879, 3880, 3884, 3885, 3890, 3891, 3895, 3896, 3900, 3901, 3905, 3906, 3910, 3911, 3915, 3916, 3920, 3921, 3925, 3926, 3933, 3934, 3935, 3938, 3939, 3943, 3944, 3945, 3948, 3949, 3953, 3954, 3955, 3958, 3959, 3960, 3963, 3964, 3965, 3968, 3969, 3970, 3973, 3974, 3978, 3979, 3983, 3984, 3985, 3988, 3989, 3993, 3994, 3995, 3998, 3999, 4007, 4008, 4010, 4013, 4014, 4016, 4017, 4019, 4020, 4023, 4025, 4026, 4029, 4030, 4035, 4038, 4039, 4040, 4041, 4043, 4056, 4057, 4058, 4059, 4060, 4061, 4062, 4064, 4065, 4066, 4067, 4068, 4070, 4073, 4074, 4075, 4076, 4077, 4078, 4080, 4081, 4086, 4087, 4089, 4090, 4091, 4092, 4094, 4095, 4096, 4097, 4098, 4100, 4101, 4102, 4104, 4107, 4108, 4111, 4117, 4125, 4126, 4128, 4129, 4130, 4131, 4132, 4134, 4135, 4136, 4137, 4138, 4141, 4142, 4144, 4145, 4146, 4147, 4148, 4149, 4151, 4152, 4153, 4157, 4158, 4159, 4162, 4172, 4182, 4184, 4186, 4187, 4188, 4189, 4190, 4192, 4206, 4207, 4210, 4211, 4213, 4214, 4215, 4216, 4218, 4219, 4220, 4221, 4222, 4225, 4226, 4228, 4229, 4230, 4231, 4232, 4233, 4235, 4236, 4237, 4241, 4242, 4250, 4252, 4254, 4256, 4262, 4264, 4267, 4268, 4270, 4271, 4272, 4273, 4275, 4276, 4277, 4278, 4279, 4280, 4281, 4282, 4284, 4285, 4294, 4305, 4307, 4308, 4320, 4322, 4323, 4325, 4326, 4329, 4330, 4332, 4333, 4334, 4335, 4336, 4338, 4339, 4340, 4341, 4342, 4345, 4346, 4348, 4349, 4350, 4351, 4352, 4353, 4355, 4375, 4376, 4378, 4379, 4380, 4381, 4383, 4384, 4385, 4388, 4389, 4391, 4392, 4393, 4394, 4395, 4397, 4407, 4432, 4433, 4435, 4437, 4438, 4442, 4443, 4449, 4451, 4452, 4453, 4454, 4455, 4456, 4458, 4459, 4460, 4461, 4462, 4463, 4468, 4469, 4471, 4472, 4473, 4475, 4476, 4477, 4478, 4481, 4482, 4483, 4484, 4485, 4486, 4487, 4488, 4489, 4490, 4491, 4492, 4493, 4494, 4495, 4496, 4497, 4498, 4500, 4501, 4502, 4503, 4504, 4505, 4508, 4509, 4512, 4514, 4515, 4516, 4518, 4521, 4522, 4524, 4525, 4527, 4528, 4529, 4531, 4532, 4533, 4534, 4536, 4537, 4539, 4541, 4542, 4545, 4546, 4547, 4549, 4550, 4553, 4554, 4556, 4557, 4560, 4562, 4563, 4564, 4565, 4566, 4567, 4569, 4571, 4572, 4573, 4575, 4576, 4579, 4583, 4584, 4585, 4586, 4587, 4589, 4590, 4591, 4592, 4593, 4596, 4597, 4598, 4600, 4601, 4602, 4604, 4605, 4606, 4607, 4608, 4610, 4611, 4612, 4613, 4618, 4619, 4620, 4621, 4623, 4624, 4625, 4628, 4629, 4630, 4632, 4633, 4635, 4636, 4637, 4643, 4645, 4646, 4647, 4648, 4650, 4651, 4653, 4660, 4661, 4662, 4664, 4665, 4667, 4668, 4672, 4673, 4674, 4676, 4677, 4678, 4679, 4680, 4682, 4683, 4684, 4685, 4686, 4688, 4690, 4691, 4692, 4693, 4694, 4695, 4696, 4699, 4700, 4701, 4704, 4705, 4709, 4715, 4716, 4719, 4720, 4721, 4723, 4724, 4726, 4727, 4728, 4730, 4731, 4732, 4733, 4736, 4737, 4738, 4740, 4741, 4743, 4744, 4745, 4746, 4750, 4751, 4754, 4759, 4761, 4762, 4763, 4764, 4765, 4768, 4769, 4770, 4772, 4773, 4775, 4776, 4777, 4778, 4780, 4782, 4786, 4787, 4790, 4791, 4794, 4795, 4796, 4798, 4799, 4801, 4802, 4804, 4805, 4810, 4813, 4816, 4817, 4819, 4821, 4824, 4825, 4828, 4829, 4830, 4832, 4833, 4835, 4837, 4838, 4842, 4846, 4850, 4851, 4852, 4853, 4854, 4855, 4856, 4857, 4860, 4861, 4863, 4864, 4868, 4871, 4872, 4873, 4875, 4876, 4878, 4895, 4896, 4897, 4899, 4900, 4902, 4919, 4920, 4921, 4923, 4924, 4925, 4928, 4929, 4930, 4931, 4932, 4934, 4935, 4936, 4938, 4939, 4940, 4941, 4942, 4944, 4945, 4946, 4947, 4948, 4949, 4950, 4951, 4954, 4956, 4957, 4958, 4959, 4960, 4961, 4965, 4966, 4967, 4968, 4973, 4975, 4976, 4977, 4978, 4979, 4982, 4985, 4986, 4987, 4989, 4990, 4992, 4993, 4994, 4996, 4997, 5001, 5002, 5006, 5007, 5008, 5011, 5012, 5013, 5016, 5017, 5018, 5020, 5021, 5022, 5024, 5025, 5026, 5027, 5028, 5029, 5030, 5031, 5032, 5034, 5035, 5036, 5037, 5038, 5039, 5040, 5041, 5043, 5044, 5045, 5047, 5048, 5050, 5051, 5052, 5053, 5054, 5055, 5057, 5058, 5059, 5060, 5061, 5064, 5066, 5067, 5068, 5069, 5070, 5071, 5073, 5075, 5076, 5077, 5078, 5079, 5080, 5088, 5089, 5090, 5092, 5093, 5094, 5098, 5099, 5100, 5101, 5102, 5104, 5105, 5106, 5107, 5108, 5109, 5110, 5113, 5115, 5119, 5121, 5136, 5140, 5141, 5142, 5143, 5144, 5145, 5167, 5168, 5169, 5171, 5172, 5174, 5175, 5176, 5177, 5178, 5179, 5180, 5181, 5182, 5183, 5184, 5185, 5186, 5187, 5188, 5189, 5190, 5191, 5192, 5193, 5195, 5196, 5197, 5199, 5200, 5201, 5202, 5203, 5204, 5206, 5207, 5208, 5209, 5211, 5212, 5213, 5214, 5216, 5217, 5218, 5221, 5222, 5223, 5224, 5225, 5226, 5227, 5229, 5231, 5233, 5234, 5236, 5237, 5238, 5239, 5240, 5241, 5242, 5243, 5244, 5245, 5246, 5248, 5250, 5251, 5252, 5253, 5254, 5255, 5256, 5258, 5260, 5265, 5266, 5268, 5269, 5275, 5276, 5279, 5280, 5281, 5282, 5283, 5284, 5286, 5292, 5293, 5294, 5295, 5296, 5298, 5300, 5302, 5304, 5305, 5306, 5307, 5308, 5309, 5310, 5312, 5313, 5327, 5328, 5329, 5330, 5331, 5332, 5334, 5335, 5336, 5337, 5339, 5341, 5342, 5343, 5344, 5345, 5346, 5348, 5351, 5352, 5353, 5354, 5355, 5358, 5359, 5360, 5363, 5366, 5368, 5369, 5370, 5371, 5373, 5374, 5375, 5376, 5377, 5378, 5379, 5381, 5388, 5389, 5390, 5392, 5393, 5394, 5395, 5397, 5398, 5399, 5400, 5401, 5403, 5404, 5405, 5406, 5407, 5409, 5410, 5416, 5417, 5419, 5420, 5421, 5422, 5425, 5426, 5427, 5434, 5435, 5437, 5438, 5439, 5440, 5441, 5442, 5443, 5444, 5446, 5447, 5448, 5449, 5450, 5451, 5453, 5455, 5456, 5457, 5459, 5460, 5461, 5463, 5464, 5465, 5466, 5467, 5468, 5470, 5471, 5472, 5474, 5475, 5476, 5477, 5480, 5481, 5482, 5484, 5485, 5487, 5488, 5489, 5491, 5493, 5494, 5495, 5496, 5497, 5498, 5499, 5500, 5501, 5504, 5505, 5506, 5508, 5509, 5510, 5512, 5513, 5514, 5516, 5517, 5521, 5522, 5523, 5524, 5525, 5526, 5528, 5529, 5532, 5533, 5534, 5536, 5537, 5538, 5540, 5541, 5542, 5544, 5553, 5565, 5578, 5579, 5580, 5582, 5583, 5584, 5586, 5587, 5588, 5643, 5649, 5650, 5651, 5654, 5655, 5656, 5657, 5659, 5660, 5661, 5665, 5666, 5668, 5671, 5672, 5674, 5677, 5678, 5680, 5684, 5688, 5689, 5690, 5691, 5692, 5694, 5695, 5697, 5698, 5699, 5703, 5704, 5705, 5706, 5707, 5708, 5709, 5710, 5714, 5717, 5718, 5719, 5722, 5723, 5724, 5725, 5730, 5731, 5732, 5733, 5734, 5736, 5737, 5738, 5739, 5741, 5742, 5743, 5744, 5746, 5747, 5748, 5750, 5752, 5753, 5754, 5756, 5757, 5758, 5762, 5763, 5767, 5768, 5769, 5770, 5771, 5773, 5774, 5775, 5777, 5779, 5781, 5784, 5785, 5787, 5788, 5789, 5793, 5794, 5797, 5798, 5799, 5800, 5801, 5802, 5803, 5804, 5806, 5808, 5810, 5812, 5814, 5815, 5816, 5817, 5819, 5820, 5821, 5823, 5824, 5825, 5826, 5827, 5828, 5830, 5831, 5833, 5834, 5835, 5836, 5840, 5841, 5842, 5844, 5845, 5847, 5848, 5850, 5852, 5853, 5855, 5859, 5865, 5884, 5885, 5886, 5889, 5890, 5891, 5893, 5894, 5895, 5896, 5899, 5900, 5904, 5905, 5908, 5909, 5911, 5915, 5919, 5920, 5921, 5922, 5923, 5924, 5925, 5927, 5929, 5931, 5932, 5935, 5936, 5937, 5943, 5944, 5945, 5949, 5950, 5951, 5953, 5954, 5955, 5960, 5961, 5966, 5967, 5968, 5969, 5970, 5980, 5981, 5982, 5983, 5984, 5985, 5988, 5989, 5990, 5993, 5994, 5997, 5999, 6000, 6001, 6003, 6004, 6005, 6006, 6007, 6008, 6009, 6010, 6012, 6013, 6015, 6016, 6017, 6018, 6019, 6021, 6022, 6023, 6026, 6027, 6028, 6031, 6032, 6035, 6037, 6038, 6039, 6041, 6042, 6043, 6044, 6045, 6046, 6047, 6050, 6051, 6052, 6054, 6055, 6057, 6058, 6059, 6061, 6062, 6067, 6068, 6069, 6071, 6072, 6073, 6075, 6076, 6077, 6079, 6080, 6081, 6084, 6086, 6090, 6094, 6095, 6100, 6101, 6103, 6107, 6110, 6111, 6112, 6114, 6115, 6117, 6118, 6119, 6120, 6121, 6124, 6125, 6126, 6129, 6130, 6132, 6133, 6134, 6136, 6137, 6138, 6139, 6140, 6145, 6146, 6148, 6149, 6150, 6153, 6154, 6155, 6156, 6158, 6159, 6162, 6164, 6165, 6168, 6169, 6170, 6173, 6174, 6175, 6178, 6179, 6180, 6181, 6183, 6184, 6185, 6186, 6187, 6188, 6189, 6190, 6191, 6192, 6193, 6194, 6195, 6200, 6201, 6202, 6205, 6207, 6208, 6209, 6211, 6212, 6213, 6215, 6217, 6218, 6219, 6220, 6221, 6222, 6224, 6226, 6230, 6231, 6232, 6233, 6234, 6237, 6238, 6239, 6242, 6243, 6244, 6246, 6247, 6248, 6250, 6251, 6265, 6266, 6267, 6269, 6270, 6274, 6276, 6279, 6281, 6282, 6283, 6284, 6286, 6288, 6289, 6290, 6291, 6292, 6293, 6295, 6296, 6297, 6300, 6301, 6302, 6305, 6306, 6308, 6310, 6311, 6312, 6314, 6315, 6317, 6321, 6322, 6327, 6328, 6329, 6330, 6334, 6336, 6337, 6338, 6340, 6342, 6343, 6347, 6348, 6349, 6350, 6351, 6352, 6353, 6356, 6357, 6358, 6360, 6361, 6362, 6363, 6365, 6369, 6371, 6372, 6373, 6375, 6380, 6381, 6382, 6383, 6384, 6385, 6386, 6388, 6389, 6391, 6392, 6394, 6395, 6397, 6400, 6411, 6413, 6414, 6431, 6432, 6434, 6438, 6449, 6453, 6457, 6458, 6460, 6461, 6462, 6465, 6466, 6467, 6470, 6471, 6473, 6474, 6475, 6477, 6478, 6479, 6480, 6481, 6483, 6484, 6488, 6489, 6490, 6492, 6493, 6497, 6498, 6499, 6500, 6501, 6503, 6504, 6505, 6506, 6508, 6509, 6510, 6514, 6517, 6519, 6520, 6521, 6527, 6528, 6531, 6532, 6533, 6536, 6537, 6539, 6540, 6541, 6543, 6544, 6545, 6546, 6547, 6550, 6551, 6552, 6553, 6554, 6555, 6558, 6559, 6560, 6562, 6563, 6565, 6566, 6567, 6569, 6570, 6571, 6572, 6573, 6577, 6578, 6579, 6580, 6581, 6582, 6584, 6585, 6586, 6587, 6590, 6591, 6592, 6594, 6595, 6597, 6598, 6599, 6601, 6602, 6603, 6604, 6605, 6609, 6610, 6611, 6612, 6613, 6614, 6616, 6617, 6618, 6619, 6622, 6623, 6624, 6626, 6627, 6628, 6630, 6631, 6632, 6633, 6634, 6637, 6638, 6641, 6642, 6643, 6644, 6645, 6646, 6647, 6649, 6650, 6652, 6653, 6654, 6657, 6658, 6659, 6661, 6662, 6663, 6666, 6667, 6668, 6669, 6670, 6671, 6672, 6674, 6675, 6676, 6677, 6678, 6679, 6680, 6681, 6684, 6685, 6686, 6687, 6688, 6690, 6691, 6692, 6695, 6697, 6702, 6703, 6704, 6705, 6707, 6710, 6711, 6712, 6713, 6715, 6717, 6718, 6719, 6720, 6722, 6723, 6724, 6726, 6727, 6729, 6730, 6731, 6732, 6735, 6736, 6737, 6738, 6739, 6740, 6741, 6742, 6744, 6746, 6747, 6748, 6751, 6752, 6753, 6756, 6757, 6759, 6760, 6761, 6763, 6764, 6765, 6766, 6769, 6770, 6771, 6773, 6774, 6775, 6777, 6778, 6780, 6781, 6786, 6787, 6789, 6791, 6793, 6794, 6798, 6801, 6802, 6804, 6805, 6806, 6807, 6808, 6809, 6810, 6811, 6812, 6814, 6815, 6818, 6819, 6820, 6822, 6823, 6824, 6826, 6827, 6829, 6830, 6835, 6840, 6841, 6843, 6844, 6845, 6846, 6847, 6848, 6850, 6851, 6852, 6853, 6854, 6855, 6856, 6859, 6860, 6861, 6864, 6865, 6866, 6867, 6869, 6870, 6871, 6872, 6874, 6875, 6876, 6877, 6878, 6879, 6880, 6882, 6883, 6884, 6886, 6887, 6889, 6890, 6891, 6892, 6893, 6895, 6900, 6901, 6903, 6905, 6906, 6907, 6909, 6910, 6911, 6913, 6914, 6915, 6917, 6919, 6921, 6924, 6925, 6926, 6929, 6930, 6931, 6933, 6934, 6935, 6937, 6938, 6939, 6941, 6945, 6946, 6949, 6950, 6955, 6972, 6973, 6975, 6976, 6978, 6981, 6982, 6983, 6985, 6988, 6989, 6990, 6993, 6994, 6995, 6997, 6999, 7002, 7003, 7004, 7008, 7009, 7010, 7012, 7013, 7014, 7015, 7017, 7018, 7019, 7023, 7027, 7028, 7029, 7031, 7032, 7034, 7035, 7036, 7037, 7038, 7039, 7040, 7065, 7070, 7082, 7083, 7084, 7086, 7087, 7088, 7089, 7091, 7092, 7093, 7095, 7096, 7097, 7098, 7103, 7104, 7107, 7108, 7109, 7114, 7115, 7116, 7118, 7120, 7121, 7122, 7123, 7124, 7125, 7126, 7127, 7128, 7129, 7130, 7131, 7132, 7133, 7134, 7135, 7136, 7137, 7138, 7139, 7140, 7141, 7143, 7156, 7157, 7159, 7160, 7161, 7162, 7164, 7165, 7167, 7168, 7169, 7170, 7171, 7173, 7178, 7180, 7181, 7182, 7183, 7185, 7189, 7192, 7194, 7197, 7199, 7200, 7203, 7204, 7205, 7207, 7208, 7209, 7212, 7214, 7222, 7224, 7225, 7227, 7229, 7231, 7233, 7236, 7237, 7240, 7241, 7242, 7244, 7245, 7246, 7250, 7251, 7253, 7254, 7256, 7257, 7258, 7260, 7261, 7262, 7263, 7264, 7326, 7327, 7329, 7330, 7332, 7333, 7334, 7338, 7343, 7345, 7346, 7348, 7349, 7350, 7351, 7352, 7353, 7354, 7355, 7356, 7358, 7359, 7361, 7363, 7366, 7367, 7368, 7369, 7370, 7372, 7373, 7375, 7376, 7378, 7379, 7381, 7382, 7384, 7393, 7395, 7396, 7399, 7401, 7403, 7404, 7405, 7409, 7414, 7415, 7416, 7418, 7419, 7420, 7421, 7456, 7476, 7538, 7539, 7540, 7542, 7543, 7544, 7545, 7546, 7548, 7549, 7552, 7553, 7554, 7556, 7557, 7559, 7560, 7561, 7562, 7564, 7565, 7566, 7567, 7568, 7569, 7570, 7571, 7573, 7574, 7577, 7579, 7580, 7582, 7583, 7584, 7585, 7586, 7587, 7588, 7589, 7591, 7592, 7593, 7594, 7595, 7596, 7598, 7599, 7600, 7601, 7602, 7603, 7604, 7605, 7606, 7607, 7608, 7616, 7617, 7621, 7622, 7623, 7625, 7626, 7629, 7631, 7632, 7634, 7635, 7639, 7643, 7644, 7645, 7646, 7650, 7651, 7652, 7654, 7655, 7656, 7659, 7660, 7661, 7662, 7663, 7664, 7665, 7668, 7670, 7671, 7672, 7673, 7676, 7677, 7678, 7682, 7684, 7686, 7687, 7688, 7689, 7692, 7693, 7695, 7696, 7697, 7698, 7701, 7702, 7703, 7704, 7705, 7707, 7709, 7710, 7711, 7716, 7718, 7719, 7720, 7723, 7726, 7730, 7731, 7733, 7734, 7735, 7736, 7737, 7739, 7740, 7741, 7742, 7743, 7746, 7747, 7748, 7752, 7757, 7758, 7760, 7761, 7762, 7764, 7765, 7766, 7768, 7769, 7770, 7771, 7774, 7776, 7777, 7778, 7779, 7780, 7783, 7785, 7786, 7787, 7788, 7789, 7790, 7791, 7792, 7794, 7795, 7796, 7799, 7800, 7801, 7802, 7803, 7805, 7806, 7807, 7809, 7810, 7815, 7816, 7817, 7818, 7819, 7820, 7823, 7824, 7825, 7827, 7828, 7829, 7833, 7834, 7835, 7837, 7838, 7839, 7844, 7846, 7847, 7849, 7850, 7851, 7854, 7855, 7856, 7857, 7858, 7859, 7862, 7863, 7864, 7866, 7867, 7868, 7872, 7873, 7874, 7875, 7878, 7881, 7882, 7883, 7884, 7885, 7887, 7888, 7889, 7890, 7891, 7894, 7895, 7896, 7897, 7898, 7900, 7901, 7902, 7903, 7904, 7912, 7913, 7914, 7916, 7917, 7918, 7920, 7921, 7922, 7923, 7924, 7925, 7927, 7928, 7929, 7930, 7931, 7935, 7936, 7937, 7938, 7940, 7941, 7942, 7943, 7944, 7946, 7947, 7949, 7950, 7952, 7953, 7954, 7956, 7957, 7959, 7960, 7962, 7968, 7969, 7970, 7971, 7973, 7974, 7975, 7976, 7977, 7978, 7979, 7980, 7981, 7983, 7985, 7987, 7990, 7991, 7992, 7994, 7995, 7996, 7998, 7999, 8000, 8001, 8004, 8005, 8006, 8008, 8009, 8010, 8012, 8013, 8014, 8015, 8018, 8019, 8020, 8022, 8023, 8024, 8026, 8027, 8028, 8029, 8032, 8033, 8034, 8036, 8037, 8038, 8040, 8041, 8042, 8043, 8046, 8047, 8048, 8050, 8051, 8053, 8060, 8061, 8062, 8063, 8065, 8066, 8067, 8068, 8069, 8073, 8077, 8078, 8079, 8081, 8082, 8083, 8084, 8085, 8090, 8091, 8092, 8093, 8094, 8095, 8096, 8099, 8100, 8101, 8103, 8104, 8105, 8107, 8108, 8109, 8110, 8113, 8114, 8115, 8117, 8118, 8119, 8121, 8122, 8123, 8124, 8127, 8128, 8129, 8131, 8132, 8133, 8135, 8136, 8137, 8138, 8141, 8142, 8143, 8145, 8146, 8147, 8149, 8150, 8151, 8152, 8155, 8156, 8157, 8159, 8160, 8161, 8163, 8164, 8165, 8166, 8170, 8171, 8173, 8174, 8179, 8180, 8183, 8184, 8185, 8188, 8189, 8190, 8191, 8192, 8193, 8195, 8196, 8197, 8198, 8199, 8201, 8205, 8206, 8208, 8209, 8211, 8212, 8213, 8214, 8215, 8218, 8219, 8220, 8221, 8222, 8223, 8225, 8226, 8227, 8228, 8229, 8230, 8231, 8233, 8235, 8236, 8239, 8240, 8241, 8243, 8246, 8247, 8248, 8251, 8252, 8253, 8254, 8256, 8257, 8258, 8259, 8261, 8262, 8263, 8264, 8266, 8267, 8269, 8270, 8271, 8272, 8273, 8274, 8278, 8280, 8281, 8282, 8283, 8285, 8286, 8287, 8289, 8290, 8292, 8293, 8294, 8295, 8296, 8298, 8299, 8301, 8302, 8304, 8305, 8306, 8308, 8312, 8321, 8322, 8323, 8324, 8326, 8327, 8329, 8330, 8332, 8333, 8335, 8338, 8339, 8340, 8343, 8344, 8346, 8347, 8349, 8350, 8351, 8352, 8355, 8356, 8357, 8359, 8361, 8362, 8364, 8365, 8366, 8367, 8368, 8380, 8381, 8382, 8385, 8386, 8388, 8389, 8390, 8393, 8394, 8395, 8398, 8399, 8400, 8402, 8403, 8404, 8405, 8409, 8410, 8412, 8414, 8415, 8417, 8418, 8419, 8420, 8421, 8422, 8423, 8427, 8429, 8430, 8431, 8432, 8433, 8435, 8436, 8438, 8443, 8446, 8448, 8449, 8451, 8452, 8454, 8455, 8456, 8457, 8459, 8463, 8465, 8466, 8467, 8468, 8469, 8473, 8474, 8475, 8480, 8481, 8482, 8484, 8485, 8486, 8487, 8488, 8490, 8491, 8493, 8494, 8500, 8506, 8507, 8510, 8511, 8512, 8514, 8515, 8516, 8518, 8519, 8520, 8522, 8523, 8524, 8525, 8526, 8527, 8529, 8530, 8531, 8532, 8533, 8537, 8539, 8540, 8541, 8545, 8546, 8548, 8549, 8556, 8561, 8562, 8569, 8572, 8573, 8574, 8577, 8578, 8580, 8581, 8582, 8584, 8589, 8590, 8591, 8594, 8595, 8596, 8598, 8599, 8600, 8604, 8605, 8606, 8607, 8608, 8610, 8611, 8613, 8614, 8615, 8618, 8619, 8620, 8623, 8624, 8625, 8627, 8628, 8629, 8633, 8634, 8635, 8636, 8637, 8638, 8639, 8640, 8643, 8644, 8645, 8649, 8650, 8651, 8653, 8654, 8655, 8656, 8657, 8659, 8660, 8661, 8665, 8668, 8670, 8671, 8672, 8677, 8678, 8680, 8681, 8682, 8683, 8684, 8685, 8686, 8688, 8689, 8690, 8691, 8692, 8693, 8694, 8695, 8696, 8697, 8699, 8700, 8701, 8703, 8711, 8712, 8713, 8715, 8716, 8718, 8720, 8721, 8723, 8724, 8728, 8730, 8733, 8734, 8735, 8739, 8740, 8742, 8743, 8744, 8745, 8747, 8752, 8753, 8754, 8758, 8759, 8760, 8762, 8763, 8764, 8765, 8766, 8767, 8768, 8769, 8770, 8771, 8774, 8775, 8776, 8781, 8782, 8783, 8786, 8788, 8789, 8790, 8791, 8792, 8796, 8797, 8798, 8801, 8802, 8804, 8805, 8808, 8809, 8810, 8811, 8812, 8814, 8815, 8816, 8817, 8820, 8821, 8823, 8824, 8825, 8826, 8827, 8829, 8831, 8832, 8837, 8838, 8841, 8842, 8843, 8851, 8852, 8853, 8855, 8856, 8857, 8859, 8860, 8862, 8863, 8864, 8876, 8877, 8878, 8880, 8881, 8882, 8883, 8884, 8885, 8886, 8890, 8892, 8893, 8894, 8895, 8898, 8901, 8902, 8903, 8905, 8906, 8907, 8909, 8910, 8911, 8913, 8915, 8917, 8918, 8919, 8921, 8925, 8926, 8928, 8929, 8930, 8931, 8934, 8935, 8936, 8937, 8939, 8947, 8948, 8950, 8952, 8953, 8956, 8957, 8958, 8960, 8963, 8964, 8967, 8970, 8973, 8975, 8976, 8977, 8978, 8981, 8982, 8983, 8984, 8985, 8986, 8988, 8989, 8990, 8992, 8996, 8997, 8998, 8999, 9000, 9001, 9003, 9014, 9018, 9019, 9020, 9021, 9022, 9023, 9025, 9029, 9030, 9031, 9032, 9033, 9034, 9035, 9037, 9038, 9041, 9042, 9043, 9046, 9047, 9048, 9049, 9050, 9051, 9058, 9060, 9068, 9069, 9070, 9074, 9075, 9076, 9078, 9079, 9087, 9089, 9090, 9091, 9092, 9093, 9095, 9097, 9100, 9101, 9102, 9109, 9110, 9112, 9113, 9114, 9115, 9116, 9117, 9118, 9120, 9121, 9122, 9123, 9124, 9126, 9127, 9128, 9129, 9130, 9131, 9137, 9138, 9139, 9140, 9141, 9142, 9143, 9144, 9146, 9147, 9149, 9151, 9155, 9156, 9158, 9176, 9179, 9180, 9181, 9182, 9183, 9184, 9187, 9189, 9191, 9192, 9194, 9195, 9196, 9198, 9199, 9201, 9202, 9208, 9209, 9214, 9215, 9217, 9218, 9219, 9221, 9222, 9224, 9225, 9226, 9227, 9229, 9230, 9231, 9232, 9233, 9234, 9236, 9240, 9241, 9242, 9243, 9244, 9246, 9247, 9248, 9251, 9254, 9255, 9256, 9257, 9258, 9260, 9261, 9262, 9266, 9269, 9270, 9271, 9273, 9274, 9275, 9277, 9278, 9279, 9280, 9281, 9282, 9287, 9288, 9289, 9290, 9294, 9297, 9298, 9299, 9300, 9301, 9302, 9304, 9305, 9306, 9308, 9311, 9312, 9313, 9314, 9315, 9316, 9318, 9319, 9320, 9322, 9325, 9326, 9327, 9328, 9329, 9331, 9332, 9333, 9334, 9335, 9337, 9339, 9340, 9342, 9343, 9344, 9345, 9346, 9347, 9348, 9350, 9353, 9354, 9355, 9356, 9358, 9360, 9361, 9363, 9364, 9365, 9366, 9367, 9368, 9370, 9371, 9372, 9373, 9375, 9376, 9382, 9383, 9385, 9386, 9388, 9389, 9390, 9391, 9392, 9393, 9394, 9395, 9396, 9397, 9398, 9399, 9400, 9402, 9403, 9404, 9405, 9407, 9408, 9412, 9413, 9417, 9418, 9422, 9423, 9425, 9426, 9427, 9428, 9429, 9430, 9431, 9434, 9435, 9437, 9438, 9447, 9448, 9449, 9450, 9451, 9452, 9453, 9454, 9467, 9468, 9481, 9483, 9484, 9485, 9486, 9488, 9489, 9490, 9491, 9493, 9510, 9512, 9513, 9514, 9515, 9516, 9517, 9520, 9521, 9522, 9523, 9524, 9527, 9528, 9529, 9530, 9531, 9534, 9535, 9536, 9537, 9539, 9540, 9545, 9546, 9549, 9550, 9554, 9555, 9560, 9561, 9565, 9568, 9569, 9570, 9571, 9573, 9574, 9575, 9576, 9577, 9578, 9580, 9581, 9582, 9583, 9584, 9586, 9588, 9589, 9591, 9592, 9593, 9594, 9595, 9596, 9598, 9600, 9601, 9603, 9604, 9605, 9606, 9607, 9608, 9610, 9613, 9616, 9617, 9618, 9621, 9622, 9628, 9629, 9631, 9632, 9633, 9635, 9636, 9637, 9638, 9640, 9644, 9645, 9646, 9647, 9649, 9650, 9651, 9652, 9653, 9654, 9655, 9659, 9661, 9662, 9664, 9665, 9666, 9667, 9669, 9672, 9673, 9674, 9675, 9677, 9679, 9681, 9682, 9683, 9684, 9686, 9687, 9688, 9689, 9691, 9693, 9695, 9699, 9700, 9701, 9705, 9709, 9710, 9711, 9712, 9714, 9716, 9721, 9722, 9724, 9739, 9740, 9742, 9743, 9745, 9746, 9747, 9749, 9750, 9751, 9752, 9755, 9756, 9757, 9759, 9760, 9761, 9763, 9766, 9767, 9768, 9770, 9771, 9773, 9774, 9777, 9778, 9780, 9781, 9783, 9784, 9785, 9786, 9788, 9795, 9796, 9797, 9799, 9800, 9802, 9803, 9804, 9807, 9810, 9811, 9812, 9813, 9816, 9817, 9818, 9819, 9821, 9823, 9826, 9827, 9831, 9832, 9834, 9835, 9836, 9838, 9850, 9851, 9852, 9853, 9855, 9856, 9857, 9859, 9860, 9861, 9862, 9863, 9864, 9865, 9866, 9870, 9871, 9874, 9875, 9877, 9878, 9880, 9881, 9882, 9884, 9896, 9897, 9899, 9900, 9901, 9904, 9905, 9907, 9908, 9909, 9910, 9911, 9912, 9913, 9914, 9916, 9919, 9920, 9921, 9923, 9924, 9925, 9927, 9929, 9930, 9931, 9933, 9936, 9937, 9938, 9940, 9941, 9943, 9944, 9945, 9947, 9952, 9953, 9954, 9956, 9957, 9958, 9960, 9961, 9962, 9964, 9965, 9968, 9969, 9972, 9973, 9974, 9976, 9977, 9979, 9980, 9981, 9983, 9985, 9988, 9989, 9990, 9994, 9995, 9998, 9999, 10000, 10002, 10003, 10005, 10006, 10007, 10009, 10010, 10011, 10012, 10013, 10016, 10017, 10019, 10020, 10021, 10022, 10024, 10040, 10057, 10086, 10087, 10089, 10090, 10092, 10093, 10094, 10095, 10097, 10098, 10099, 10103, 10105, 10109, 10110, 10114, 10115, 10116, 10118, 10121, 10122, 10123, 10124, 10125, 10126, 10127, 10131, 10132, 10133, 10135, 10136, 10137, 10138, 10139, 10140, 10147, 10158, 10159, 10161, 10162, 10163, 10164, 10165, 10167, 10168, 10169, 10172, 10173, 10174, 10175, 10176, 10178, 10179, 10180, 10181, 10183, 10185, 10187, 10189, 10191, 10193, 10194, 10195, 10196, 10198, 10203, 10204, 10206, 10207, 10211, 10212, 10214, 10215, 10220, 10221, 10222, 10223, 10224, 10226, 10228, 10229, 10230, 10231, 10233, 10234, 10235, 10236, 10237, 10239, 10241, 10242, 10247, 10248, 10249, 10250, 10252, 10254, 10255, 10256, 10257, 10258, 10259, 10260, 10261, 10262, 10263, 10264, 10265, 10267, 10268, 10270, 10271, 10272, 10273, 10274, 10280, 10282, 10284, 10286, 10287, 10290, 10291, 10292, 10293, 10294, 10295, 10296, 10305, 10307, 10308, 10309, 10311, 10333, 10334, 10335, 10336, 10337, 10339, 10340, 10341, 10342, 10343, 10345, 10346, 10347, 10348, 10349, 10350, 10353, 10357, 10359, 10360, 10364, 10365, 10366, 10370, 10385, 10386, 10438, 10439, 10440, 10443, 10445, 10446, 10447, 10448, 10450, 10451, 10452, 10454, 10456, 10457, 10458, 10459, 10460, 10461, 10462, 10466, 10468, 10469, 10471, 10472, 10477, 10478, 10479, 10481, 10482, 10483, 10484, 10490, 10492, 10493, 10495, 10496, 10498, 10500, 10501, 10502, 10505, 10506, 10507, 10508, 10510, 10511, 10512, 10513, 10514, 10515, 10516, 10517, 10519, 10520, 10523, 10525, 10526, 10528, 10533, 10534, 10538, 10539, 10540, 10541, 10543, 10545, 10547, 10548, 10549, 10552, 10553, 10554, 10555, 10556, 10557, 10558, 10560, 10564, 10565, 10567, 10568, 10569, 10571, 10572, 10573, 10575, 10576, 10578, 10579, 10580, 10581, 10582, 10585, 10586, 10587, 10588, 10589, 10590, 10591, 10592, 10593, 10594, 10595, 10596, 10597, 10598, 10599, 10600, 10601, 10602, 10603, 10605, 10606, 10607, 10608, 10609, 10610, 10611, 10612, 10613, 10614, 10616, 10619, 10620, 10621, 10622, 10623, 10625, 10626, 10627, 10628, 10631, 10632, 10633, 10634, 10636, 10637, 10638, 10639, 10640, 10642, 10643, 10645, 10646, 10647, 10649, 10650, 10652, 10653, 10654, 10655, 10656, 10657, 10659, 10660, 10662, 10663, 10664, 10665, 10666, 10667, 10669, 10670, 10671, 10672, 10673, 10675, 10676, 10678, 10679, 10680, 10681, 10682, 10684, 10685, 10689, 10690, 10691, 10692, 10695, 10696, 10698, 10699, 10702, 10703, 10704, 10705, 10706, 10707, 10708, 10711, 10712, 10714, 10715, 10716, 10717, 10718, 10720, 10721, 10723, 10724, 10726, 10727, 10728, 10729, 10730, 10732, 10733, 10735, 10736, 10737, 10738, 10739, 10740, 10741, 10742, 10743, 10745, 10747, 10749, 10750, 10751, 10752, 10753, 10756, 10758, 10759, 10761, 10762, 10764, 10765, 10766, 10768, 10769, 10770, 10772, 10773, 10775, 10776, 10777, 10779, 10780, 10781, 10783, 10784, 10786, 10788, 10789, 10790, 10791, 10792, 10794, 10797, 10798, 10799, 10800, 10802, 10803, 10804, 10805, 10807, 10810, 10811, 10812, 10815, 10816, 10817, 10818, 10819, 10820, 10821, 10822, 10824, 10831, 10833, 10834, 10835, 10837, 10838, 10841, 10842, 10843, 10844, 10846, 10848, 10849, 10850, 10851, 10852, 10853, 10856, 10857, 10860, 10861, 10862, 10863, 10866, 10867, 10868, 10869, 10872, 10873, 10874, 10875, 10876, 10877, 10878, 10880, 10882, 10883, 10888, 10889, 10890, 10895, 10896, 10901, 10903, 10904, 10905, 10907, 10908, 10909, 10910, 10911, 10912, 10914, 10917, 10918, 10919, 10920, 10921, 10922, 10923, 10924, 10925, 10926, 10929, 10930, 10931, 10932, 10933, 10935, 10938, 10939, 10940, 10942, 10943, 10944, 10946, 10947, 10948, 10949, 10950, 10951, 10952, 10954, 10955, 10956, 10957, 10960, 10961, 10962, 10968, 10969, 10971, 10972, 10973, 10974, 10975, 10976, 10977, 10978, 10979, 10981, 10982, 10983, 10984, 10985, 10986, 10987, 10989, 10992, 10994, 10995, 10996, 10997, 10999, 11001, 11002, 11003, 11004, 11005, 11006, 11007, 11009, 11012, 11013, 11014, 11017, 11018, 11023, 11029, 11030, 11036, 11037, 11043, 11044, 11045, 11051, 11063, 11064, 11065, 11070, 11071, 11072, 11075, 11078, 11081, 11082, 11083, 11084, 11085, 11086, 11088, 11090, 11092, 11095, 11096, 11097], "summary": {"covered_lines": 5673, "num_statements": 7504, "percent_covered": 71.3330672520455, "percent_covered_display": "71", "missing_lines": 1831, "excluded_lines": 0, "num_branches": 2518, "num_partial_branches": 416, "covered_branches": 1476, "missing_branches": 1042}, "missing_lines": [107, 108, 109, 110, 111, 112, 113, 114, 115, 116, 122, 124, 125, 126, 127, 186, 187, 188, 194, 215, 216, 217, 237, 238, 260, 262, 263, 264, 266, 267, 268, 271, 278, 279, 280, 296, 297, 302, 303, 308, 309, 346, 347, 354, 355, 363, 364, 391, 406, 437, 449, 474, 475, 477, 490, 586, 592, 669, 679, 680, 681, 686, 689, 704, 707, 722, 730, 736, 739, 822, 825, 834, 839, 858, 887, 891, 925, 1000, 1018, 1027, 1028, 1029, 1035, 1085, 1123, 1132, 1133, 1134, 1135, 1145, 1146, 1157, 1174, 1177, 1244, 1247, 1250, 1258, 1262, 1277, 1278, 1279, 1334, 1335, 1348, 1376, 1408, 1416, 1420, 1424, 1428, 1444, 1445, 1446, 1455, 1459, 1464, 1468, 1469, 1470, 1478, 1487, 1488, 1489, 1490, 1491, 1492, 1493, 1494, 1495, 1496, 1552, 1568, 1572, 1576, 1601, 1604, 1609, 1613, 1616, 1632, 1639, 1652, 1653, 1658, 1659, 1667, 1668, 1670, 1671, 1672, 1673, 1674, 1676, 1677, 1678, 1679, 1681, 1693, 1703, 1708, 1709, 1710, 1711, 1717, 1726, 1770, 1771, 1780, 1781, 1782, 1783, 1796, 1813, 1814, 1893, 1953, 1954, 1955, 1956, 1957, 1962, 1963, 1964, 1978, 1979, 1980, 1981, 2035, 2051, 2059, 2071, 2072, 2075, 2076, 2097, 2112, 2114, 2129, 2130, 2131, 2132, 2134, 2135, 2136, 2137, 2138, 2143, 2156, 2157, 2161, 2168, 2171, 2177, 2181, 2186, 2191, 2219, 2261, 2264, 2274, 2277, 2280, 2283, 2286, 2289, 2296, 2328, 2340, 2345, 2346, 2347, 2349, 2358, 2359, 2361, 2407, 2410, 2413, 2414, 2415, 2416, 2418, 2419, 2420, 2421, 2425, 2429, 2430, 2431, 2432, 2433, 2434, 2437, 2440, 2442, 2443, 2444, 2445, 2446, 2447, 2449, 2450, 2452, 2453, 2455, 2457, 2458, 2459, 2460, 2462, 2463, 2465, 2469, 2470, 2471, 2473, 2475, 2476, 2477, 2478, 2479, 2480, 2481, 2482, 2483, 2484, 2485, 2486, 2487, 2488, 2489, 2491, 2493, 2496, 2497, 2498, 2499, 2500, 2501, 2531, 2535, 2536, 2537, 2538, 2542, 2543, 2544, 2548, 2553, 2557, 2560, 2561, 2562, 2565, 2566, 2567, 2568, 2569, 2570, 2571, 2572, 2573, 2574, 2578, 2579, 2580, 2581, 2584, 2585, 2588, 2590, 2591, 2592, 2594, 2595, 2596, 2597, 2598, 2599, 2601, 2602, 2604, 2605, 2606, 2607, 2608, 2609, 2610, 2611, 2612, 2613, 2614, 2615, 2616, 2617, 2618, 2621, 2622, 2624, 2625, 2626, 2627, 2628, 2630, 2631, 2632, 2633, 2637, 2638, 2650, 2682, 2683, 2684, 2688, 2689, 2690, 2691, 2695, 2699, 2704, 2705, 2706, 2707, 2708, 2709, 2710, 2714, 2715, 2734, 2739, 2740, 2741, 2744, 2745, 2747, 2748, 2749, 2750, 2751, 2752, 2753, 2754, 2755, 2756, 2759, 2760, 2761, 2762, 2765, 2766, 2767, 2769, 2770, 2771, 2831, 2833, 2834, 2836, 2838, 2839, 2840, 2841, 2842, 2843, 2844, 2845, 2846, 2847, 2848, 2849, 2850, 2851, 2852, 2853, 2854, 2855, 2856, 2857, 2858, 2859, 2860, 2861, 2862, 2863, 2864, 2865, 2866, 2867, 2868, 2869, 2870, 2871, 2872, 2873, 2886, 2887, 2898, 2901, 2902, 2903, 2904, 2905, 2906, 2907, 2908, 2930, 2931, 2952, 2991, 2992, 2993, 2994, 2997, 3000, 3003, 3004, 3005, 3008, 3009, 3010, 3011, 3012, 3013, 3014, 3015, 3016, 3017, 3018, 3021, 3022, 3023, 3024, 3025, 3026, 3031, 3032, 3051, 3093, 3094, 3095, 3096, 3099, 3102, 3105, 3107, 3111, 3114, 3115, 3116, 3117, 3119, 3120, 3121, 3122, 3123, 3124, 3125, 3126, 3127, 3128, 3129, 3130, 3131, 3132, 3133, 3134, 3135, 3138, 3139, 3140, 3141, 3142, 3143, 3147, 3148, 3149, 3150, 3162, 3193, 3194, 3195, 3196, 3208, 3234, 3237, 3240, 3243, 3244, 3245, 3248, 3249, 3251, 3252, 3253, 3254, 3255, 3256, 3257, 3258, 3259, 3260, 3261, 3262, 3263, 3264, 3265, 3266, 3267, 3270, 3271, 3272, 3273, 3274, 3275, 3279, 3280, 3291, 3307, 3308, 3309, 3310, 3311, 3312, 3314, 3316, 3317, 3318, 3319, 3320, 3326, 3332, 3336, 3337, 3338, 3342, 3343, 3344, 3354, 3355, 3356, 3357, 3362, 3375, 3376, 3377, 3378, 3395, 3400, 3401, 3402, 3403, 3414, 3437, 3438, 3442, 3456, 3457, 3463, 3473, 3531, 3546, 3547, 3548, 3582, 3583, 3584, 3585, 3586, 3587, 3588, 3589, 3590, 3591, 3592, 3594, 3596, 3597, 3598, 3599, 3600, 3601, 3602, 3636, 3651, 3652, 3653, 3654, 3655, 3661, 3662, 3668, 3669, 3689, 3690, 3691, 3693, 3694, 3695, 3696, 3698, 3710, 3711, 3712, 3713, 3714, 3715, 3716, 3725, 3736, 3744, 3751, 3756, 3757, 3844, 3857, 3858, 3859, 3860, 3861, 3862, 3871, 3876, 3881, 3886, 3887, 3892, 3897, 3902, 3907, 3912, 3917, 3922, 3927, 3940, 3950, 3975, 3980, 3990, 4000, 4022, 4027, 4031, 4032, 4033, 4036, 4037, 4044, 4045, 4046, 4047, 4048, 4049, 4071, 4083, 4112, 4113, 4114, 4115, 4118, 4119, 4120, 4121, 4122, 4155, 4163, 4164, 4165, 4166, 4167, 4168, 4169, 4173, 4174, 4175, 4176, 4177, 4178, 4179, 4180, 4193, 4194, 4196, 4197, 4198, 4199, 4200, 4201, 4202, 4203, 4239, 4246, 4257, 4258, 4259, 4286, 4287, 4288, 4289, 4290, 4291, 4292, 4295, 4296, 4297, 4298, 4299, 4300, 4301, 4310, 4311, 4312, 4313, 4314, 4315, 4316, 4317, 4357, 4358, 4359, 4360, 4364, 4365, 4366, 4367, 4368, 4370, 4371, 4372, 4398, 4399, 4400, 4425, 4426, 4440, 4446, 4465, 4479, 4511, 4519, 4543, 4551, 4558, 4570, 4577, 4580, 4581, 4615, 4616, 4617, 4669, 4670, 4697, 4698, 4702, 4703, 4707, 4710, 4711, 4713, 4747, 4748, 4755, 4756, 4757, 4758, 4807, 4808, 4822, 4839, 4840, 4843, 4844, 4847, 4865, 4866, 4867, 4879, 4880, 4881, 4882, 4883, 4886, 4887, 4889, 4890, 4891, 4892, 4903, 4904, 4905, 4906, 4907, 4910, 4911, 4913, 4914, 4915, 4916, 4952, 4953, 4962, 4963, 4970, 4971, 4972, 4980, 4981, 4998, 4999, 5003, 5004, 5082, 5083, 5084, 5085, 5086, 5095, 5096, 5111, 5112, 5116, 5117, 5147, 5148, 5149, 5150, 5151, 5153, 5154, 5155, 5156, 5157, 5158, 5159, 5160, 5161, 5163, 5164, 5230, 5261, 5262, 5270, 5271, 5272, 5290, 5297, 5301, 5314, 5315, 5316, 5317, 5318, 5319, 5320, 5321, 5322, 5323, 5324, 5325, 5349, 5364, 5365, 5383, 5384, 5385, 5386, 5411, 5412, 5413, 5414, 5518, 5519, 5545, 5546, 5547, 5549, 5550, 5551, 5554, 5555, 5556, 5558, 5559, 5561, 5562, 5563, 5566, 5573, 5574, 5575, 5589, 5590, 5591, 5593, 5594, 5595, 5597, 5598, 5600, 5601, 5602, 5604, 5605, 5606, 5607, 5611, 5612, 5613, 5615, 5616, 5617, 5619, 5620, 5623, 5625, 5626, 5627, 5628, 5630, 5632, 5633, 5635, 5636, 5637, 5638, 5639, 5640, 5641, 5645, 5646, 5662, 5663, 5675, 5681, 5682, 5685, 5686, 5700, 5701, 5712, 5760, 5764, 5765, 5791, 5795, 5796, 5837, 5838, 5856, 5857, 5860, 5861, 5863, 5866, 5868, 5869, 5871, 5872, 5873, 5875, 5876, 5878, 5879, 5880, 5882, 5901, 5902, 5906, 5912, 5913, 5916, 5917, 5956, 5957, 5962, 5963, 5971, 5972, 5973, 5974, 6063, 6064, 6087, 6088, 6091, 6092, 6096, 6097, 6098, 6106, 6141, 6142, 6143, 6151, 6160, 6196, 6197, 6198, 6203, 6204, 6206, 6214, 6227, 6228, 6252, 6253, 6254, 6255, 6257, 6258, 6259, 6260, 6262, 6263, 6271, 6272, 6275, 6277, 6318, 6319, 6323, 6324, 6332, 6344, 6345, 6366, 6367, 6376, 6377, 6378, 6401, 6406, 6407, 6408, 6409, 6410, 6416, 6417, 6418, 6419, 6420, 6421, 6422, 6423, 6424, 6425, 6427, 6429, 6435, 6436, 6454, 6455, 6485, 6486, 6494, 6495, 6511, 6512, 6515, 6523, 6524, 6525, 6526, 6548, 6549, 6574, 6575, 6583, 6606, 6607, 6615, 6635, 6636, 6639, 6640, 6651, 6682, 6693, 6698, 6700, 6782, 6783, 6784, 6795, 6796, 6831, 6832, 6833, 6836, 6837, 6838, 6896, 6897, 6898, 6942, 6943, 6947, 6951, 6952, 6953, 7020, 7021, 7024, 7025, 7042, 7043, 7045, 7046, 7047, 7050, 7051, 7054, 7056, 7057, 7058, 7059, 7061, 7062, 7063, 7066, 7067, 7068, 7071, 7072, 7073, 7074, 7075, 7076, 7077, 7078, 7079, 7099, 7100, 7101, 7166, 7186, 7187, 7190, 7195, 7201, 7210, 7211, 7213, 7215, 7217, 7218, 7220, 7228, 7234, 7266, 7267, 7268, 7269, 7270, 7271, 7272, 7273, 7275, 7276, 7277, 7279, 7280, 7281, 7282, 7284, 7285, 7287, 7290, 7291, 7293, 7294, 7295, 7297, 7299, 7300, 7301, 7302, 7303, 7305, 7306, 7307, 7309, 7310, 7311, 7313, 7315, 7316, 7317, 7318, 7320, 7321, 7323, 7324, 7335, 7336, 7340, 7341, 7385, 7386, 7387, 7388, 7389, 7391, 7392, 7394, 7406, 7408, 7410, 7411, 7412, 7423, 7430, 7431, 7432, 7433, 7436, 7437, 7439, 7442, 7444, 7445, 7446, 7447, 7449, 7450, 7451, 7453, 7454, 7458, 7460, 7461, 7462, 7463, 7464, 7465, 7467, 7469, 7470, 7471, 7473, 7474, 7479, 7480, 7481, 7482, 7483, 7484, 7485, 7486, 7488, 7489, 7490, 7491, 7492, 7494, 7495, 7497, 7498, 7499, 7501, 7502, 7503, 7505, 7506, 7507, 7509, 7511, 7516, 7517, 7518, 7520, 7521, 7523, 7525, 7526, 7527, 7528, 7529, 7531, 7532, 7533, 7534, 7535, 7536, 7550, 7575, 7609, 7610, 7611, 7612, 7614, 7615, 7619, 7627, 7628, 7636, 7640, 7641, 7647, 7648, 7657, 7679, 7680, 7690, 7699, 7706, 7708, 7712, 7714, 7721, 7724, 7727, 7728, 7738, 7749, 7750, 7755, 7756, 7772, 7773, 7781, 7811, 7812, 7830, 7831, 7840, 7841, 7842, 7845, 7869, 7870, 7877, 7906, 7907, 7908, 7909, 7932, 7933, 7982, 8070, 8071, 8074, 8075, 8086, 8087, 8088, 8167, 8168, 8175, 8176, 8177, 8186, 8309, 8310, 8313, 8314, 8315, 8316, 8318, 8319, 8353, 8369, 8370, 8371, 8372, 8374, 8376, 8377, 8406, 8407, 8424, 8425, 8426, 8434, 8444, 8470, 8495, 8496, 8497, 8498, 8535, 8536, 8542, 8543, 8557, 8563, 8564, 8565, 8566, 8567, 8585, 8586, 8601, 8602, 8630, 8631, 8662, 8663, 8666, 8673, 8674, 8675, 8748, 8749, 8793, 8794, 8799, 8800, 8813, 8833, 8835, 8865, 8866, 8867, 8868, 8869, 8870, 8871, 8873, 8874, 8887, 8888, 8897, 8922, 8923, 8940, 8941, 8943, 8944, 8971, 8993, 9004, 9005, 9006, 9008, 9009, 9010, 9012, 9015, 9026, 9039, 9061, 9062, 9064, 9065, 9133, 9134, 9135, 9161, 9162, 9163, 9164, 9166, 9168, 9169, 9170, 9171, 9173, 9174, 9211, 9237, 9249, 9263, 9264, 9265, 9283, 9284, 9285, 9291, 9292, 9293, 9307, 9321, 9341, 9351, 9409, 9410, 9414, 9415, 9419, 9420, 9439, 9440, 9441, 9442, 9443, 9444, 9445, 9455, 9456, 9457, 9458, 9459, 9460, 9461, 9463, 9464, 9465, 9469, 9470, 9471, 9472, 9473, 9475, 9476, 9479, 9480, 9495, 9496, 9497, 9498, 9500, 9501, 9504, 9505, 9508, 9542, 9543, 9562, 9611, 9641, 9642, 9657, 9658, 9670, 9696, 9697, 9702, 9703, 9706, 9707, 9717, 9718, 9719, 9725, 9727, 9729, 9731, 9733, 9736, 9789, 9790, 9791, 9792, 9793, 9805, 9806, 9814, 9815, 9822, 9839, 9840, 9841, 9842, 9843, 9845, 9846, 9847, 9868, 9885, 9886, 9887, 9888, 9890, 9891, 9892, 9893, 9902, 9917, 9948, 9949, 9966, 9967, 9986, 9987, 9991, 9992, 9993, 10025, 10027, 10028, 10029, 10030, 10032, 10033, 10034, 10035, 10037, 10038, 10043, 10044, 10046, 10047, 10049, 10050, 10052, 10053, 10054, 10055, 10059, 10060, 10061, 10062, 10063, 10064, 10066, 10067, 10068, 10069, 10070, 10071, 10073, 10075, 10076, 10077, 10078, 10079, 10080, 10081, 10082, 10083, 10100, 10101, 10106, 10107, 10111, 10112, 10117, 10128, 10129, 10149, 10150, 10151, 10152, 10153, 10154, 10155, 10166, 10208, 10209, 10210, 10216, 10218, 10243, 10244, 10246, 10288, 10306, 10313, 10314, 10315, 10316, 10317, 10318, 10319, 10320, 10321, 10323, 10324, 10354, 10356, 10361, 10362, 10371, 10372, 10373, 10374, 10375, 10376, 10379, 10380, 10381, 10382, 10387, 10388, 10391, 10392, 10393, 10395, 10397, 10398, 10399, 10400, 10401, 10402, 10404, 10407, 10408, 10410, 10411, 10414, 10415, 10416, 10417, 10419, 10420, 10421, 10423, 10424, 10425, 10426, 10427, 10428, 10429, 10432, 10433, 10434, 10435, 10436, 10442, 10453, 10463, 10465, 10467, 10473, 10474, 10475, 10487, 10518, 10522, 10524, 10529, 10561, 10562, 10577, 10617, 10624, 10629, 10630, 10635, 10744, 10746, 10754, 10755, 10778, 10801, 10823, 10825, 10826, 10829, 10884, 10885, 10891, 10892, 10897, 10898, 10899, 10900, 10906, 10913, 10936, 10941, 10953, 10958, 10959, 10963, 10990, 11019, 11020, 11021, 11024, 11027, 11031, 11032, 11033, 11035, 11046, 11048, 11066, 11067], "excluded_lines": [], "executed_branches": [[172, 173], [172, 177], [174, 172], [174, 175], [185, 190], [193, 195], [211, 212], [211, 214], [214, 219], [221, 222], [221, 230], [222, 223], [224, 222], [224, 225], [235, -235], [235, 235], [235, 236], [236, 240], [251, 252], [251, 254], [259, 273], [276, 282], [375, 376], [375, 378], [388, 389], [405, 407], [407, 408], [408, 409], [413, 414], [413, 415], [435, 436], [459, -459], [459, 461], [464, 465], [464, 487], [467, 468], [467, 470], [472, 479], [479, 480], [479, 483], [487, 488], [487, 502], [488, 491], [493, 494], [493, 495], [495, 496], [495, 497], [497, 498], [497, 500], [531, -530], [531, 532], [533, -532], [533, 534], [535, -534], [535, 536], [537, -536], [537, 538], [539, 540], [541, 542], [543, -542], [543, 544], [545, 546], [547, -546], [547, 548], [549, 550], [551, 552], [553, 555], [558, 560], [561, -561], [561, 561], [561, 562], [583, 584], [583, 585], [585, 587], [587, 588], [587, 589], [611, -611], [611, -609], [632, 633], [632, 636], [728, 729], [728, 731], [729, 728], [817, 818], [817, 819], [819, 820], [824, 827], [829, 831], [829, 870], [832, 836], [838, 841], [855, 856], [864, 865], [864, 867], [868, 829], [868, 869], [907, 908], [913, 914], [913, 916], [914, 913], [914, 915], [922, 923], [934, -932], [934, 936], [938, -936], [938, 940], [942, -940], [942, 944], [946, -944], [946, 948], [950, -948], [950, 952], [954, -952], [954, 956], [958, -956], [958, 960], [962, -960], [962, 964], [966, -964], [966, 968], [970, -968], [970, -742], [1017, 1019], [1022, 1023], [1122, 1124], [1126, 1127], [1141, 1142], [1151, 1152], [1151, 1153], [1173, 1176], [1176, 1179], [1181, -1181], [1181, 1181], [1181, 1182], [1182, 1183], [1182, 1184], [1214, 1215], [1219, 1220], [1242, 1243], [1267, 1272], [1274, 1275], [1303, 1305], [1318, 1320], [1360, 1361], [1360, 1363], [1433, 1434], [1433, 1435], [1452, 1453], [1452, 1457], [1454, 1456], [1458, 1460], [1463, 1465], [1467, 1471], [1477, 1480], [1536, 1537], [1536, 1538], [1582, 1583], [1583, 1584], [1600, 1603], [1603, 1606], [1608, 1611], [1612, 1615], [1638, 1641], [1661, 1662], [1692, 1694], [1702, 1704], [1716, 1718], [1742, 1743], [1769, 1772], [1792, 1793], [1792, 1801], [1795, 1798], [1837, 1838], [1837, 1843], [1840, 1837], [1840, 1841], [1855, 1856], [1855, 1858], [1858, 1859], [1858, 1860], [1860, 1861], [1860, 1863], [1864, 1865], [1880, 1881], [1880, 1896], [1882, -1882], [1882, 1882], [1882, 1884], [1884, 1885], [1884, 1888], [1888, -1888], [1888, 1888], [1888, 1889], [1889, 1890], [1970, 1971], [1970, 1972], [1991, 1992], [1991, 1994], [1997, 1998], [1997, 1999], [2014, -2002], [2014, 2015], [2017, 2018], [2017, 2021], [2034, 2038], [2042, 2043], [2050, 2055], [2058, 2062], [2062, -2062], [2062, 2062], [2062, 2063], [2105, 2106], [2105, 2116], [2108, 2109], [2108, 2116], [2109, 2110], [2109, 2116], [2110, 2111], [2116, -2100], [2116, 2117], [2123, -2123], [2123, -2120], [2123, 2123], [2149, 2150], [2149, 2153], [2155, 2159], [2160, 2163], [2164, 2166], [2166, 2167], [2197, 2198], [2197, 2199], [2228, 2229], [2228, 2231], [2229, 2230], [2260, -2260], [2260, -2255], [2322, 2323], [2322, 2324], [2344, 2350], [2354, 2355], [2354, 2362], [2356, 2357], [2808, 2809], [2877, 2878], [2879, 2880], [3324, 3325], [3325, -3323], [3330, 3331], [3331, -3329], [3367, 3368], [3367, 3369], [3383, -3381], [3383, 3384], [3383, 3385], [3391, 3392], [3391, 3393], [3393, 3394], [3411, 3412], [3411, 3430], [3413, 3416], [3416, 3417], [3416, 3419], [3419, -3419], [3419, 3419], [3419, 3420], [3424, 3425], [3424, 3427], [3436, 3440], [3440, 3441], [3441, 3444], [3444, 3445], [3444, 3448], [3445, 3444], [3445, 3446], [3455, 3459], [3459, 3460], [3460, 3459], [3460, 3461], [3470, 3471], [3471, 3470], [3471, 3472], [3480, 3481], [3480, 3483], [3481, 3480], [3481, 3482], [3492, 3494], [3492, 3495], [3501, -3501], [3501, -3498], [3501, 3501], [3506, 3507], [3506, 3508], [3508, -3508], [3508, -3504], [3508, 3508], [3528, 3532], [3533, -3533], [3533, 3534], [3533, 3541], [3536, 3537], [3536, 3540], [3541, 3545], [3545, 3549], [3557, 3558], [3557, 3562], [3579, 3580], [3650, 3657], [3659, -3659], [3659, 3659], [3659, 3660], [3660, 3665], [3704, 3705], [3724, 3727], [3735, 3738], [3743, 3746], [3762, 3763], [3762, 3764], [3784, 3785], [3784, 3789], [3785, -3783], [3785, 3786], [3786, -3783], [3786, 3787], [3792, -3783], [3792, 3793], [3838, 3839], [3838, 3840], [3840, 3841], [3841, -3841], [3841, 3841], [3841, 3842], [3851, -3851], [3851, -3848], [4019, 4020], [4026, 4029], [4035, 4038], [4070, 4073], [4073, 4074], [4095, 4096], [4152, 4153], [4162, 4172], [4172, 4182], [4184, 4186], [4188, 4189], [4188, 4206], [4192, 4188], [4236, 4237], [4241, 4242], [4254, -4254], [4254, 4254], [4254, 4256], [4285, 4294], [4294, -4294], [4294, 4305], [4307, -4307], [4307, 4307], [4307, 4308], [4323, 4325], [4451, 4452], [4451, 4458], [4454, -4454], [4454, 4455], [4458, 4459], [4461, -4461], [4461, 4462], [4478, -4478], [4478, -4475], [4485, 4486], [4485, 4487], [4487, 4488], [4508, 4509], [4532, -4531], [4532, 4533], [4533, 4532], [4533, 4534], [4562, -4562], [4562, 4562], [4562, 4563], [4562, 4564], [4565, 4566], [4565, 4569], [4569, 4571], [4571, 4572], [4584, 4585], [4584, 4589], [4596, 4597], [4596, 4598], [4607, 4608], [4607, 4610], [4610, 4611], [4623, 4624], [4623, 4625], [4628, 4629], [4628, 4630], [4668, 4672], [4672, 4673], [4672, 4676], [4682, 4683], [4682, 4688], [4683, 4684], [4683, 4686], [4690, 4691], [4690, 4694], [4694, 4695], [4694, 4696], [4696, 4699], [4699, 4700], [4699, 4701], [4701, 4704], [4704, 4705], [4709, 4715], [4719, 4720], [4719, 4721], [4731, 4732], [4736, 4737], [4736, 4738], [4746, 4750], [4751, -4751], [4751, 4754], [4754, 4759], [4768, 4769], [4768, 4770], [4778, 4780], [4778, 4782], [4782, -4782], [4782, 4782], [4782, 4786], [4787, -4787], [4787, 4787], [4787, 4790], [4794, 4795], [4794, 4796], [4805, 4810], [4810, -4810], [4810, 4810], [4810, 4813], [4819, 4821], [4819, 4825], [4821, 4824], [4828, 4829], [4828, 4830], [4838, 4842], [4842, 4846], [4846, 4850], [4856, -4856], [4856, 4856], [4856, 4857], [4860, 4861], [4860, 4863], [4871, 4872], [4871, 4873], [4895, 4896], [4895, 4897], [4919, 4920], [4919, 4921], [4930, 4931], [4930, 4934], [4934, 4935], [4941, -4941], [4941, 4942], [4942, -4942], [4942, 4944], [4957, 4958], [4957, 4965], [4967, 4968], [4985, 4986], [4985, 4987], [4997, 5001], [5002, 5006], [5011, 5012], [5011, 5013], [5036, 5037], [5036, 5038], [5038, 5039], [5038, 5041], [5044, -5043], [5044, 5045], [5053, 5054], [5078, 5079], [5094, 5098], [5098, 5099], [5098, 5102], [5100, 5101], [5108, 5109], [5108, 5113], [5110, 5108], [5143, 5144], [5167, 5168], [5167, 5169], [5199, 5200], [5199, 5206], [5200, 5201], [5200, 5204], [5207, 5208], [5207, 5211], [5211, 5212], [5211, 5216], [5216, -5216], [5216, 5216], [5216, 5217], [5229, 5231], [5238, 5239], [5238, 5245], [5260, 5265], [5281, 5282], [5281, 5310], [5286, 5286], [5286, 5292], [5296, 5298], [5300, 5302], [5302, 5281], [5302, 5304], [5306, 5307], [5313, -5312], [5334, 5335], [5334, 5337], [5353, 5354], [5353, 5366], [5354, 5353], [5354, 5355], [5358, 5359], [5358, 5363], [5363, 5353], [5373, 5374], [5373, 5379], [5374, 5373], [5374, 5375], [5375, 5376], [5376, 5377], [5399, 5400], [5399, 5401], [5405, 5406], [5405, 5407], [5419, 5420], [5419, 5422], [5420, 5419], [5420, 5421], [5425, 5426], [5425, 5427], [5449, 5450], [5449, 5453], [5455, 5456], [5455, 5459], [5459, 5460], [5459, 5463], [5466, 5467], [5466, 5470], [5480, 5481], [5480, 5482], [5497, 5498], [5497, 5501], [5498, -5498], [5498, 5498], [5498, 5499], [5504, 5505], [5504, 5506], [5517, 5521], [5524, 5525], [5524, 5528], [5532, 5533], [5532, 5534], [5578, 5579], [5578, 5580], [5649, 5650], [5649, 5651], [5661, 5665], [5671, 5672], [5671, 5674], [5674, 5677], [5680, 5684], [5684, 5688], [5688, 5689], [5688, 5694], [5689, 5690], [5689, 5691], [5691, 5688], [5691, 5692], [5697, 5698], [5697, 5714], [5703, 5697], [5703, 5704], [5705, 5703], [5705, 5706], [5706, 5705], [5706, 5707], [5708, 5709], [5717, 5718], [5717, 5719], [5738, 5739], [5756, 5757], [5756, 5779], [5757, 5758], [5767, 5768], [5767, 5777], [5769, 5770], [5769, 5773], [5787, 5788], [5787, 5810], [5788, 5789], [5798, 5799], [5798, 5808], [5802, 5803], [5814, 5815], [5814, 5831], [5815, 5814], [5815, 5816], [5816, 5814], [5816, 5817], [5817, 5819], [5823, 5814], [5823, 5824], [5825, 5826], [5826, 5827], [5836, 5840], [5840, 5841], [5840, 5852], [5847, 5848], [5847, 5850], [5855, 5859], [5859, 5865], [5865, 5884], [5889, 5890], [5889, 5891], [5900, 5904], [5904, 5905], [5904, 5931], [5905, 5908], [5911, 5915], [5915, 5919], [5919, 5904], [5919, 5920], [5920, 5919], [5920, 5921], [5922, 5923], [5922, 5924], [5924, 5925], [5924, 5927], [5935, 5936], [5935, 5937], [5955, 5960], [5961, 5966], [5968, 5969], [5968, 5980], [5970, 5980], [5988, 5989], [5988, 5990], [6012, 6013], [6017, 6018], [6017, 6021], [6026, 6027], [6026, 6028], [6050, 6051], [6050, 6052], [6067, 6068], [6067, 6069], [6086, 6090], [6090, 6094], [6101, 6103], [6110, 6111], [6110, 6112], [6119, 6120], [6119, 6121], [6124, 6125], [6124, 6126], [6140, 6145], [6148, 6149], [6148, 6164], [6149, 6150], [6150, 6153], [6155, 6156], [6155, 6158], [6159, 6162], [6168, 6169], [6168, 6170], [6187, 6188], [6187, 6192], [6188, 6189], [6190, 6191], [6202, 6205], [6205, 6207], [6207, 6208], [6207, 6211], [6212, 6213], [6212, 6215], [6213, 6212], [6220, 6221], [6221, 6222], [6221, 6226], [6226, 6230], [6231, 6232], [6237, 6238], [6237, 6239], [6270, 6274], [6274, 6276], [6276, 6279], [6283, 6284], [6283, 6286], [6289, 6290], [6289, 6295], [6295, 6296], [6300, 6301], [6300, 6302], [6317, 6321], [6322, 6327], [6327, -6327], [6327, 6328], [6328, 6329], [6328, 6334], [6329, 6330], [6330, -6330], [6330, 6330], [6330, 6336], [6336, 6337], [6336, 6391], [6337, 6338], [6337, 6340], [6343, 6347], [6349, 6350], [6349, 6388], [6357, 6358], [6357, 6360], [6362, 6363], [6362, 6365], [6365, 6369], [6372, 6373], [6372, 6375], [6380, 6349], [6380, 6381], [6388, 6336], [6388, 6389], [6434, 6438], [6453, 6457], [6465, 6466], [6465, 6467], [6484, 6488], [6493, 6497], [6498, 6499], [6498, 6528], [6504, 6505], [6504, 6508], [6510, 6514], [6514, 6517], [6520, 6521], [6531, 6532], [6531, 6533], [6547, 6550], [6553, 6554], [6558, 6559], [6558, 6560], [6573, 6577], [6580, 6581], [6580, 6586], [6582, 6584], [6584, 6580], [6584, 6585], [6590, 6591], [6590, 6592], [6605, 6609], [6612, 6613], [6612, 6618], [6614, 6616], [6616, 6612], [6616, 6617], [6622, 6623], [6622, 6624], [6638, 6641], [6642, 6643], [6642, 6644], [6643, -6643], [6643, 6642], [6643, 6643], [6644, -6644], [6644, 6644], [6644, 6645], [6645, 6646], [6645, 6650], [6646, 6647], [6646, 6649], [6650, 6652], [6652, 6653], [6657, 6658], [6657, 6659], [6675, 6676], [6675, 6684], [6677, -6677], [6677, 6677], [6677, 6678], [6678, 6679], [6680, -6680], [6680, 6680], [6680, 6681], [6681, 6684], [6690, 6691], [6690, 6746], [6692, 6695], [6697, 6702], [6704, 6705], [6704, 6707], [6710, 6711], [6710, 6715], [6717, 6718], [6717, 6722], [6723, 6724], [6723, 6726], [6729, 6730], [6729, 6735], [6739, -6739], [6739, 6739], [6739, 6740], [6739, 6744], [6746, 6747], [6751, 6752], [6751, 6753], [6769, 6770], [6769, 6771], [6781, 6786], [6794, 6798], [6802, -6802], [6802, 6802], [6802, 6804], [6804, 6805], [6807, 6808], [6807, 6814], [6818, 6819], [6818, 6820], [6830, 6835], [6835, 6840], [6846, 6847], [6846, 6850], [6851, 6852], [6851, 6856], [6859, 6860], [6859, 6861], [6882, 6883], [6882, 6903], [6886, 6887], [6886, 6889], [6889, 6890], [6889, 6895], [6890, 6891], [6891, 6892], [6892, 6893], [6893, 6882], [6895, 6900], [6900, -6900], [6900, 6900], [6900, 6901], [6907, -6907], [6907, 6907], [6907, 6909], [6909, 6910], [6909, 6921], [6913, 6914], [6913, 6919], [6914, 6915], [6914, 6917], [6924, 6925], [6924, 6926], [6941, 6945], [6946, 6949], [6972, 6973], [6972, 6975], [6981, 6982], [6981, 6988], [6993, 6994], [6993, 6999], [7002, 7003], [7002, 7004], [7019, 7023], [7023, 7027], [7027, 7028], [7027, 7031], [7034, 7035], [7082, 7083], [7082, 7084], [7098, 7103], [7107, 7108], [7107, 7109], [7165, 7167], [7182, 7183], [7182, 7185], [7185, -7185], [7185, 7189], [7189, 7192], [7194, 7197], [7200, 7203], [7203, 7204], [7203, 7222], [7204, 7205], [7204, 7207], [7209, 7212], [7212, 7214], [7224, 7225], [7224, 7227], [7227, 7229], [7233, 7236], [7240, 7241], [7240, 7244], [7260, 7261], [7334, 7338], [7346, -7346], [7346, -7345], [7346, 7346], [7356, -7356], [7356, 7356], [7356, 7358], [7366, 7367], [7366, 7416], [7372, 7373], [7372, 7375], [7378, 7379], [7378, 7381], [7381, 7382], [7381, 7399], [7384, 7393], [7393, 7395], [7395, 7396], [7395, 7401], [7403, 7366], [7403, 7404], [7409, 7414], [7420, 7421], [7540, -7540], [7540, -7538], [7549, 7552], [7549, 7556], [7553, 7554], [7553, 7556], [7553, 7559], [7554, -7554], [7554, 7553], [7554, 7554], [7561, -7561], [7561, 7561], [7561, 7562], [7566, 7567], [7566, 7568], [7573, 7574], [7573, 7596], [7574, 7577], [7579, 7580], [7579, 7582], [7582, 7583], [7582, 7591], [7585, 7586], [7587, 7588], [7587, 7589], [7591, 7573], [7591, 7592], [7601, 7602], [7603, 7604], [7603, 7625], [7604, 7605], [7604, 7623], [7606, 7604], [7606, 7607], [7608, 7616], [7616, 7617], [7621, 7622], [7625, 7626], [7625, 7629], [7626, -7626], [7626, -7598], [7626, 7626], [7635, 7639], [7639, 7643], [7646, 7650], [7654, 7655], [7654, 7692], [7656, 7659], [7663, 7664], [7663, 7670], [7665, -7665], [7665, 7665], [7665, 7668], [7678, 7682], [7689, 7654], [7698, 7701], [7701, 7702], [7703, 7704], [7703, 7705], [7705, 7707], [7707, 7709], [7709, 7710], [7709, 7711], [7711, 7701], [7720, 7723], [7723, 7726], [7726, 7730], [7733, 7734], [7733, 7760], [7735, 7736], [7735, 7737], [7737, 7739], [7739, 7740], [7746, 7747], [7746, 7752], [7748, 7752], [7765, 7766], [7765, 7768], [7769, 7770], [7769, 7774], [7770, 7771], [7771, 7769], [7777, -7776], [7777, 7778], [7780, 7783], [7787, 7788], [7787, 7792], [7799, 7800], [7799, 7801], [7815, 7816], [7815, 7817], [7829, 7833], [7837, 7838], [7837, 7844], [7839, 7849], [7844, 7846], [7846, 7847], [7854, 7855], [7854, 7856], [7868, 7872], [7874, 7875], [7881, 7882], [7881, 7883], [7894, 7895], [7894, 7896], [7902, 7903], [7912, 7913], [7912, 7914], [7931, 7935], [7940, 7941], [7940, 7946], [7949, 7950], [7949, 7952], [7975, 7976], [7975, 7987], [7981, 7983], [7990, 7991], [7990, 7992], [8004, 8005], [8004, 8006], [8018, 8019], [8018, 8020], [8032, 8033], [8032, 8034], [8046, 8047], [8046, 8048], [8069, 8073], [8073, 8077], [8081, 8082], [8081, 8090], [8082, 8083], [8082, 8090], [8091, 8092], [8091, 8096], [8099, 8100], [8099, 8101], [8113, 8114], [8113, 8115], [8127, 8128], [8127, 8129], [8141, 8142], [8141, 8143], [8155, 8156], [8155, 8157], [8166, 8170], [8185, 8188], [8195, 8196], [8195, 8243], [8196, 8197], [8196, 8199], [8206, 8208], [8206, 8211], [8212, 8213], [8212, 8218], [8218, 8219], [8219, 8220], [8219, 8225], [8225, 8226], [8226, 8227], [8226, 8239], [8228, 8229], [8228, 8230], [8230, 8231], [8230, 8233], [8246, 8247], [8246, 8248], [8280, 8281], [8280, 8285], [8282, 8280], [8282, 8283], [8285, 8286], [8285, 8289], [8304, 8305], [8304, 8308], [8308, 8312], [8312, 8321], [8322, 8323], [8322, 8326], [8332, 8333], [8332, 8335], [8338, 8339], [8338, 8340], [8349, 8350], [8349, 8364], [8352, 8355], [8356, 8357], [8356, 8359], [8364, 8365], [8365, 8366], [8380, 8381], [8380, 8382], [8393, 8394], [8393, 8395], [8405, 8409], [8409, 8410], [8417, 8418], [8417, 8427], [8418, 8419], [8418, 8421], [8421, 8422], [8421, 8423], [8423, 8417], [8431, 8432], [8431, 8433], [8433, 8435], [8435, 8436], [8435, 8438], [8443, 8446], [8473, 8474], [8473, 8475], [8493, 8494], [8493, 8507], [8494, 8500], [8510, 8511], [8510, 8512], [8524, 8525], [8524, 8529], [8529, 8530], [8529, 8537], [8541, 8545], [8548, 8549], [8556, 8561], [8562, 8569], [8572, 8573], [8572, 8574], [8589, 8590], [8589, 8591], [8600, 8604], [8618, 8619], [8618, 8620], [8629, 8633], [8643, 8644], [8643, 8645], [8661, 8665], [8665, 8668], [8683, 8684], [8683, 8686], [8691, 8692], [8691, 8695], [8711, 8712], [8715, 8716], [8715, 8718], [8733, 8734], [8733, 8735], [8752, 8753], [8752, 8754], [8774, 8775], [8774, 8776], [8792, 8796], [8798, 8801], [8809, 8810], [8809, 8820], [8812, 8814], [8826, 8827], [8826, 8831], [8832, 8837], [8841, 8842], [8841, 8843], [8862, 8863], [8864, 8876], [8882, 8883], [8882, 8892], [8883, 8882], [8883, 8884], [8886, 8890], [8892, 8893], [8892, 8894], [8894, 8895], [8901, 8902], [8901, 8903], [8921, 8925], [8930, -8930], [8930, 8930], [8930, 8931], [8931, -8931], [8931, 8931], [8931, 8934], [8939, 8947], [8948, -8948], [8948, 8948], [8948, 8950], [8952, 8953], [8952, 8978], [8956, 8957], [8956, 8960], [8957, -8957], [8957, 8958], [8957, 8960], [8963, 8964], [8970, 8973], [8981, 8982], [8981, 8983], [8996, 8997], [8996, 8998], [9018, 9019], [9018, 9020], [9029, 9030], [9029, 9031], [9038, 9041], [9046, 9047], [9046, 9048], [9068, 9069], [9068, 9070], [9089, 9090], [9089, 9095], [9090, 9089], [9090, 9091], [9100, 9101], [9100, 9102], [9129, 9130], [9180, 9181], [9180, 9191], [9181, 9182], [9191, 9192], [9191, 9194], [9225, 9226], [9225, 9227], [9240, 9241], [9240, 9242], [9248, 9251], [9254, 9255], [9254, 9256], [9262, 9266], [9269, 9270], [9269, 9271], [9281, 9282], [9289, 9290], [9297, 9298], [9297, 9299], [9306, 9308], [9311, 9312], [9311, 9313], [9320, 9322], [9325, 9326], [9325, 9327], [9340, 9342], [9345, 9346], [9345, 9347], [9354, 9355], [9360, 9361], [9360, 9363], [9452, 9453], [9452, 9467], [9454, 9452], [9468, 9481], [9513, -9513], [9513, 9513], [9513, 9514], [9515, -9515], [9515, 9515], [9515, 9516], [9520, 9521], [9520, 9527], [9521, 9522], [9522, 9521], [9522, 9523], [9527, 9528], [9527, 9545], [9529, 9530], [9530, 9529], [9530, 9531], [9534, 9535], [9534, 9539], [9536, 9537], [9536, 9539], [9561, 9565], [9588, 9589], [9588, 9591], [9601, 9603], [9601, 9604], [9616, 9617], [9640, 9644], [9644, 9645], [9644, 9649], [9649, 9650], [9649, 9661], [9651, -9651], [9651, 9651], [9651, 9652], [9652, 9653], [9653, 9654], [9669, 9672], [9674, 9675], [9674, 9677], [9681, 9682], [9681, 9684], [9687, 9688], [9687, 9689], [9695, 9699], [9701, 9705], [9705, 9709], [9711, 9712], [9711, 9714], [9755, 9756], [9755, 9766], [9759, 9760], [9759, 9763], [9767, 9768], [9767, 9770], [9770, 9771], [9770, 9773], [9799, 9800], [9799, 9821], [9800, 9802], [9800, 9810], [9802, 9803], [9802, 9807], [9810, 9799], [9810, 9811], [9817, 9818], [9817, 9819], [9821, 9823], [9863, 9864], [9863, 9870], [9864, 9865], [9901, 9904], [9904, -9904], [9904, 9904], [9904, 9905], [9904, 9907], [9912, 9913], [9912, 9919], [9916, 9919], [9929, 9930], [9929, 9933], [9930, 9929], [9930, 9931], [9936, 9937], [9936, 9938], [9952, 9953], [9952, 9954], [9965, 9968], [9972, 9973], [9972, 9974], [9985, 9988], [9989, -9989], [9989, 9990], [9998, 9999], [9998, 10000], [10011, 10012], [10011, 10013], [10099, 10103], [10105, 10109], [10110, 10114], [10114, 10115], [10114, 10118], [10116, 10114], [10123, 10124], [10127, 10131], [10131, 10132], [10131, 10135], [10138, -10138], [10138, 10139], [10161, 10162], [10161, 10169], [10164, 10165], [10212, 10214], [10212, 10220], [10222, 10223], [10222, 10224], [10229, -10229], [10229, 10229], [10229, 10230], [10229, 10231], [10235, -10233], [10235, 10236], [10235, 10237], [10242, 10247], [10255, 10256], [10255, 10258], [10258, -10252], [10258, 10259], [10258, 10280], [10259, 10258], [10259, 10260], [10263, 10264], [10263, 10267], [10286, 10287], [10286, 10309], [10287, 10290], [10291, -10291], [10291, 10291], [10291, 10292], [10292, -10292], [10292, 10292], [10292, 10293], [10292, 10305], [10305, 10307], [10347, 10348], [10347, 10357], [10370, 10385], [10440, 10443], [10452, 10454], [10458, 10459], [10458, 10469], [10466, 10468], [10484, 10490], [10501, -10501], [10501, 10502], [10515, 10516], [10515, 10526], [10516, 10517], [10516, 10526], [10517, 10519], [10519, 10520], [10523, 10525], [10545, 10547], [10545, 10552], [10548, 10549], [10552, 10553], [10553, 10554], [10554, 10555], [10576, 10578], [10579, 10580], [10579, 10582], [10580, 10581], [10580, 10582], [10601, 10602], [10601, 10603], [10621, 10622], [10621, 10623], [10623, -10619], [10623, 10625], [10625, 10626], [10625, 10640], [10628, 10631], [10631, 10632], [10631, 10639], [10634, 10636], [10645, -10642], [10645, 10646], [10645, 10647], [10652, -10649], [10652, 10653], [10652, 10657], [10654, 10655], [10654, 10656], [10662, -10659], [10662, 10663], [10662, 10664], [10665, 10666], [10665, 10667], [10671, -10669], [10671, 10672], [10671, 10673], [10679, 10680], [10679, 10681], [10703, 10704], [10703, 10705], [10714, 10715], [10714, 10716], [10716, 10717], [10716, 10721], [10717, 10718], [10717, 10720], [10726, 10727], [10726, 10728], [10728, 10729], [10728, 10730], [10743, 10745], [10745, 10747], [10775, -10772], [10775, 10776], [10775, 10781], [10777, 10779], [10790, -10788], [10790, 10791], [10790, 10792], [10797, 10798], [10797, 10799], [10800, 10802], [10818, 10819], [10818, 10824], [10822, 10818], [10833, 10834], [10833, 10837], [10861, 10862], [10862, 10863], [10862, 10866], [10867, 10868], [10868, 10869], [10868, 10872], [10873, 10874], [10874, 10875], [10874, 10878], [10883, 10888], [10888, 10889], [10888, 10895], [10890, 10888], [10896, 10901], [10905, 10907], [10907, 10908], [10907, 10910], [10910, 10911], [10910, 10914], [10912, 10914], [10940, 10942], [10942, 10943], [10942, 10944], [10950, 10951], [10952, 10954], [10954, 10950], [10954, 10955], [10956, 10957], [10956, 10960], [10961, 10962], [10962, -10962], [10962, -10946], [10962, 10962], [11012, 11013], [11012, 11014], [11017, 11018], [11018, 11023], [11023, 11029], [11045, 11051], [11063, 11064], [11063, 11070], [11088, 11090]], "missing_branches": [[109, 110], [109, 112], [112, -104], [112, 113], [124, 125], [124, 126], [185, 186], [193, 194], [214, 215], [215, 216], [215, 217], [222, 227], [236, 237], [259, 260], [260, 262], [260, 264], [264, 266], [264, 271], [276, 278], [388, 391], [405, 406], [407, 411], [408, 410], [435, 437], [472, 474], [474, 475], [474, 477], [488, 490], [539, -538], [541, -540], [545, -544], [549, -548], [551, -550], [553, -552], [558, -555], [585, 586], [679, 680], [679, 681], [729, 730], [819, 822], [824, 825], [832, 834], [838, 839], [855, 858], [907, 930], [922, 925], [1017, 1018], [1022, 1027], [1122, 1123], [1126, 1132], [1141, 1145], [1173, 1174], [1176, 1177], [1214, 1219], [1219, 1224], [1242, 1244], [1267, 1279], [1274, 1277], [1303, 1309], [1318, 1323], [1454, 1455], [1458, 1459], [1463, 1464], [1467, 1468], [1477, 1478], [1490, 1491], [1490, 1496], [1491, 1492], [1491, 1493], [1582, -1578], [1583, -1578], [1600, 1601], [1603, 1604], [1608, 1609], [1612, 1613], [1638, 1639], [1661, 1664], [1692, 1693], [1702, 1703], [1709, 1710], [1709, 1711], [1716, 1717], [1742, 1744], [1769, 1770], [1781, 1782], [1781, 1783], [1795, 1796], [1864, 1866], [1889, 1893], [2034, 2035], [2042, 2065], [2050, 2051], [2058, 2059], [2062, 2042], [2071, 2072], [2071, 2075], [2110, 2116], [2130, 2131], [2130, 2134], [2135, 2136], [2135, 2138], [2155, 2156], [2160, 2161], [2164, 2171], [2166, 2168], [2229, 2228], [2260, 2261], [2344, 2345], [2346, 2347], [2346, 2349], [2356, 2358], [2358, 2359], [2358, 2361], [2414, 2415], [2414, 2416], [2416, 2418], [2416, 2419], [2419, 2420], [2419, 2421], [2429, 2430], [2429, 2431], [2431, 2432], [2431, 2434], [2442, 2443], [2442, 2445], [2443, 2444], [2443, 2450], [2445, 2446], [2445, 2449], [2446, 2447], [2446, 2450], [2455, 2457], [2455, 2460], [2460, 2462], [2460, 2465], [2469, 2470], [2469, 2473], [2475, 2476], [2475, 2478], [2476, 2477], [2476, 2493], [2478, 2479], [2478, 2481], [2479, 2480], [2479, 2493], [2481, 2482], [2481, 2484], [2482, 2483], [2482, 2493], [2484, 2485], [2484, 2487], [2485, 2486], [2485, 2493], [2487, 2488], [2487, 2491], [2488, 2489], [2488, 2493], [2497, 2498], [2497, 2499], [2499, 2500], [2499, 2501], [2536, 2537], [2536, 2538], [2542, 2543], [2542, 2544], [2568, 2569], [2568, 2570], [2570, 2571], [2570, 2572], [2572, 2573], [2572, 2574], [2578, 2579], [2578, 2581], [2590, -2590], [2590, 2591], [2594, 2595], [2594, 2618], [2595, 2596], [2595, 2618], [2596, 2597], [2596, 2598], [2598, 2599], [2598, 2601], [2601, 2602], [2601, 2604], [2604, 2605], [2604, 2606], [2606, 2607], [2606, 2618], [2607, 2608], [2607, 2618], [2608, 2609], [2608, 2610], [2610, 2611], [2610, 2612], [2612, 2613], [2612, 2614], [2614, 2615], [2614, 2616], [2616, 2617], [2616, 2618], [2622, 2624], [2622, 2631], [2624, 2625], [2624, 2627], [2627, 2628], [2627, 2630], [2631, 2632], [2631, 2633], [2689, 2690], [2689, 2691], [2704, 2705], [2704, 2706], [2706, 2707], [2706, 2708], [2708, 2709], [2708, 2710], [2747, 2748], [2747, 2769], [2750, 2751], [2750, 2753], [2751, 2752], [2751, 2769], [2753, 2754], [2753, 2756], [2754, 2755], [2754, 2769], [2756, 2759], [2756, 2762], [2760, 2761], [2760, 2769], [2762, 2765], [2762, 2769], [2766, 2767], [2766, 2769], [2769, 2770], [2769, 2771], [2808, 2810], [2833, -2833], [2833, 2834], [2838, 2839], [2838, 2840], [2840, 2841], [2840, 2842], [2842, 2843], [2842, 2844], [2844, 2845], [2844, 2846], [2846, 2847], [2846, 2849], [2849, 2850], [2849, 2851], [2851, 2852], [2851, 2853], [2853, 2854], [2853, 2855], [2855, 2856], [2855, 2857], [2857, 2858], [2857, 2859], [2859, 2860], [2859, 2861], [2861, 2862], [2861, 2863], [2863, 2864], [2863, 2865], [2865, 2866], [2865, 2867], [2867, 2868], [2867, 2869], [2869, 2870], [2869, 2871], [2871, 2872], [2871, 2873], [2877, 2879], [2879, 2882], [2901, 2902], [2901, 2903], [2991, 2992], [2991, 2994], [3009, -3009], [3009, 3010], [3012, 3013], [3012, 3018], [3013, 3014], [3013, 3018], [3014, 3015], [3014, 3018], [3015, 3016], [3015, 3018], [3016, 3017], [3016, 3018], [3022, 3023], [3022, 3024], [3024, 3025], [3024, 3026], [3094, 3095], [3094, 3096], [3115, -3115], [3115, 3116], [3119, 3120], [3119, 3135], [3120, 3121], [3120, 3135], [3121, 3122], [3121, 3135], [3122, 3123], [3122, 3135], [3123, 3124], [3123, 3135], [3124, 3125], [3124, 3135], [3125, 3126], [3125, 3135], [3126, 3127], [3126, 3135], [3127, 3128], [3127, 3135], [3128, 3129], [3128, 3135], [3129, 3130], [3129, 3135], [3130, 3131], [3130, 3135], [3131, 3132], [3131, 3135], [3132, 3133], [3132, 3135], [3133, 3134], [3133, 3135], [3139, 3140], [3139, 3141], [3141, 3142], [3141, 3143], [3251, 3252], [3251, 3253], [3253, 3254], [3253, 3255], [3255, 3256], [3255, 3257], [3257, 3258], [3257, 3259], [3259, 3260], [3259, 3261], [3261, 3262], [3261, 3263], [3263, 3264], [3263, 3265], [3265, 3266], [3265, 3267], [3271, 3272], [3271, 3273], [3273, 3274], [3273, 3275], [3307, 3308], [3307, 3310], [3310, 3311], [3310, 3314], [3316, 3317], [3316, 3320], [3324, -3323], [3325, 3326], [3330, -3329], [3331, 3332], [3336, -3335], [3336, 3337], [3337, -3335], [3337, 3338], [3342, -3341], [3342, 3343], [3343, -3341], [3343, 3344], [3354, 3355], [3354, 3357], [3355, 3354], [3355, 3356], [3375, 3376], [3375, 3377], [3393, 3395], [3413, 3414], [3436, 3437], [3440, 3444], [3441, 3442], [3455, 3456], [3459, 3463], [3470, 3473], [3528, 3531], [3541, 3547], [3545, 3546], [3579, 3582], [3582, 3583], [3582, 3596], [3588, 3589], [3588, 3594], [3650, 3651], [3660, 3661], [3690, 3691], [3690, 3693], [3704, 3710], [3711, 3712], [3711, 3716], [3724, 3725], [3735, 3736], [3743, 3744], [3840, 3844], [3857, 3858], [3857, 3859], [3860, 3861], [3860, 3862], [4019, 4022], [4026, 4027], [4035, 4036], [4044, 4045], [4044, 4047], [4070, 4071], [4073, 4083], [4095, 4097], [4152, 4155], [4162, 4163], [4164, 4165], [4164, 4172], [4166, 4167], [4166, 4169], [4172, 4173], [4174, 4175], [4174, 4182], [4176, 4177], [4176, 4180], [4184, 4206], [4192, 4193], [4194, 4188], [4194, 4196], [4236, 4239], [4241, 4246], [4258, 4259], [4258, 4262], [4285, 4286], [4286, 4287], [4286, 4292], [4294, 4295], [4295, 4296], [4295, 4301], [4311, 4312], [4311, 4317], [4323, 4326], [4359, 4360], [4359, 4364], [4458, 4465], [4478, 4479], [4487, 4489], [4508, 4511], [4569, 4570], [4571, 4573], [4610, 4615], [4668, 4669], [4696, 4697], [4701, 4702], [4704, 4707], [4709, 4710], [4710, 4711], [4710, 4713], [4731, 4733], [4746, 4747], [4754, 4755], [4756, -4756], [4756, 4757], [4757, 4758], [4757, 4759], [4805, 4807], [4821, 4822], [4838, 4839], [4842, 4843], [4846, 4847], [4887, -4887], [4887, 4889], [4889, 4890], [4889, 4891], [4911, -4911], [4911, 4913], [4913, 4914], [4913, 4915], [4934, 4936], [4967, 4970], [4997, 4998], [5002, 5003], [5053, -5053], [5053, -5050], [5078, 5082], [5082, -5075], [5082, 5083], [5094, 5095], [5100, 5098], [5110, 5111], [5143, 5147], [5148, 5149], [5148, 5150], [5149, -5149], [5149, 5148], [5150, 5151], [5150, 5153], [5151, -5151], [5151, 5150], [5153, 5154], [5153, 5164], [5154, 5153], [5154, 5155], [5157, 5154], [5157, 5158], [5229, 5230], [5260, 5261], [5286, 5290], [5296, 5297], [5300, 5301], [5306, 5281], [5313, 5314], [5315, 5316], [5315, 5325], [5316, 5315], [5316, 5317], [5317, 5318], [5317, 5319], [5320, 5315], [5320, 5321], [5321, -5312], [5321, 5322], [5363, 5364], [5375, 5373], [5376, 5373], [5383, 5384], [5383, 5386], [5384, 5383], [5384, 5385], [5411, 5412], [5411, 5414], [5412, 5411], [5412, 5413], [5517, 5518], [5545, 5546], [5545, 5549], [5555, 5556], [5555, 5558], [5573, 5574], [5573, 5575], [5589, 5590], [5589, 5593], [5593, 5594], [5593, 5597], [5600, 5601], [5600, 5632], [5612, -5612], [5612, 5613], [5626, 5627], [5626, 5630], [5661, 5662], [5674, 5675], [5680, 5681], [5684, 5685], [5708, 5712], [5738, 5741], [5757, 5760], [5788, 5791], [5802, 5804], [5817, 5814], [5825, 5830], [5826, 5830], [5836, 5837], [5855, 5856], [5856, 5857], [5856, 5859], [5859, 5860], [5860, 5861], [5860, 5863], [5861, -5861], [5861, 5865], [5863, -5863], [5863, 5865], [5865, 5866], [5868, 5869], [5868, 5878], [5872, 5873], [5872, 5875], [5875, 5876], [5875, 5886], [5879, 5880], [5879, 5882], [5900, 5901], [5905, 5906], [5911, 5912], [5915, 5916], [5955, 5956], [5961, 5962], [5970, 5971], [6012, 6015], [6086, 6087], [6090, 6091], [6101, 6106], [6140, 6141], [6149, 6165], [6150, 6151], [6159, 6160], [6188, 6192], [6190, 6188], [6202, 6203], [6205, 6206], [6213, 6214], [6220, 6234], [6226, 6227], [6231, 6233], [6252, 6253], [6252, 6257], [6253, 6254], [6253, 6255], [6258, 6259], [6258, 6262], [6270, 6271], [6274, 6275], [6276, 6277], [6295, 6297], [6317, 6318], [6322, 6323], [6329, 6332], [6343, 6344], [6365, 6366], [6407, 6408], [6407, 6410], [6416, -6416], [6416, 6417], [6418, 6419], [6418, 6429], [6424, 6425], [6424, 6427], [6434, 6435], [6453, 6454], [6484, 6485], [6493, 6494], [6510, 6511], [6514, 6515], [6520, 6523], [6547, 6548], [6553, 6555], [6573, 6574], [6582, 6583], [6605, 6606], [6614, 6615], [6638, 6639], [6650, 6651], [6652, 6654], [6678, 6680], [6681, 6682], [6692, 6693], [6697, 6698], [6746, 6748], [6781, 6782], [6794, 6795], [6804, 6815], [6830, 6831], [6835, 6836], [6890, 6882], [6891, 6882], [6892, 6882], [6893, 6895], [6895, 6896], [6941, 6942], [6946, 6947], [7019, 7020], [7023, 7024], [7034, 7050], [7043, 7045], [7043, 7047], [7050, 7051], [7050, 7054], [7056, 7057], [7056, 7061], [7078, -7078], [7078, 7079], [7098, 7099], [7165, 7166], [7185, 7186], [7189, 7190], [7194, 7195], [7200, 7201], [7209, 7210], [7210, 7211], [7210, 7212], [7212, 7213], [7215, 7217], [7215, 7218], [7227, 7228], [7233, 7234], [7260, 7266], [7275, 7276], [7275, 7320], [7276, 7277], [7276, 7279], [7281, 7282], [7281, 7284], [7287, 7290], [7287, 7293], [7302, 7303], [7302, 7305], [7306, 7307], [7306, 7309], [7310, 7311], [7310, 7313], [7315, 7316], [7315, 7318], [7320, 7321], [7320, 7323], [7334, 7335], [7384, 7385], [7386, 7387], [7386, 7391], [7393, 7394], [7409, 7410], [7409, 7412], [7420, 7423], [7430, 7431], [7430, 7432], [7432, 7433], [7432, 7436], [7437, 7439], [7437, 7442], [7445, 7446], [7445, 7449], [7449, 7450], [7449, 7453], [7460, 7461], [7460, 7467], [7469, 7470], [7469, 7473], [7491, 7492], [7491, 7494], [7497, 7498], [7497, 7520], [7498, 7499], [7498, 7501], [7501, 7502], [7501, 7505], [7502, 7497], [7502, 7503], [7506, 7507], [7506, 7509], [7509, 7497], [7509, 7511], [7516, 7497], [7516, 7517], [7517, 7516], [7517, 7518], [7520, 7521], [7520, 7523], [7523, -7523], [7523, 7525], [7526, 7527], [7526, 7531], [7533, 7534], [7533, 7535], [7549, 7550], [7574, 7575], [7585, 7589], [7601, -7598], [7608, 7609], [7611, 7612], [7611, 7614], [7616, 7619], [7621, 7604], [7635, 7636], [7639, 7640], [7646, 7647], [7656, 7657], [7678, 7679], [7689, 7690], [7698, 7699], [7701, 7714], [7705, 7706], [7707, 7708], [7711, 7712], [7720, 7721], [7723, 7724], [7726, 7727], [7737, 7738], [7739, 7755], [7748, 7749], [7755, 7756], [7755, 7757], [7770, 7769], [7771, 7772], [7772, 7769], [7772, 7773], [7780, 7781], [7829, 7830], [7839, 7840], [7844, 7845], [7846, 7849], [7868, 7869], [7874, 7877], [7902, 7906], [7907, 7908], [7907, 7909], [7931, 7932], [7981, 7982], [7982, -7982], [7982, 7983], [8069, 8070], [8073, 8074], [8166, 8167], [8185, 8186], [8218, 8239], [8225, 8239], [8308, 8309], [8312, 8313], [8314, 8315], [8314, 8318], [8352, 8353], [8364, 8376], [8365, 8369], [8369, 8370], [8369, 8374], [8405, 8406], [8409, 8412], [8423, 8424], [8425, 8417], [8425, 8426], [8433, 8434], [8443, 8444], [8494, 8495], [8495, 8496], [8495, 8497], [8497, 8498], [8497, 8500], [8541, 8542], [8548, 8556], [8556, 8557], [8562, 8563], [8565, 8566], [8565, 8567], [8600, 8601], [8629, 8630], [8661, 8662], [8665, 8666], [8711, 8730], [8792, 8793], [8798, 8799], [8812, 8813], [8832, 8833], [8862, 8867], [8864, 8865], [8867, 8868], [8867, 8873], [8869, 8870], [8869, 8876], [8886, 8887], [8894, 8897], [8921, 8922], [8939, 8940], [8943, 8944], [8943, 8947], [8963, 8967], [8970, 8971], [9004, 9005], [9004, 9008], [9009, 9010], [9009, 9012], [9038, 9039], [9061, 9062], [9061, 9064], [9129, 9133], [9133, 9134], [9133, 9135], [9161, 9162], [9161, 9166], [9163, 9164], [9163, 9168], [9168, 9169], [9168, 9173], [9170, 9171], [9170, 9174], [9181, 9189], [9248, 9249], [9262, 9263], [9264, 9265], [9264, 9266], [9281, 9283], [9289, 9294], [9306, 9307], [9320, 9321], [9340, 9341], [9354, 9356], [9454, 9455], [9456, 9452], [9456, 9457], [9458, 9452], [9458, 9459], [9459, 9460], [9459, 9463], [9460, 9458], [9460, 9461], [9463, 9458], [9463, 9464], [9464, 9458], [9464, 9465], [9468, 9469], [9475, 9476], [9475, 9481], [9495, 9496], [9495, 9500], [9496, 9495], [9496, 9497], [9521, 9520], [9529, 9527], [9561, 9562], [9616, 9618], [9640, 9641], [9652, 9659], [9653, 9657], [9669, 9670], [9695, 9696], [9701, 9702], [9705, 9706], [9727, 9729], [9727, 9731], [9729, -9729], [9729, -9724], [9731, 9733], [9731, 9736], [9733, -9733], [9733, -9724], [9736, -9736], [9736, -9724], [9790, 9791], [9790, 9793], [9821, 9822], [9841, 9842], [9841, 9845], [9845, 9846], [9845, 9847], [9864, 9868], [9886, 9887], [9886, 9890], [9901, 9902], [9916, 9917], [9965, 9966], [9985, 9986], [10028, 10029], [10028, 10032], [10033, 10034], [10033, 10037], [10047, -10047], [10047, 10049], [10066, 10067], [10066, 10073], [10076, 10077], [10076, 10078], [10099, 10100], [10105, 10106], [10110, 10111], [10116, 10117], [10123, 10135], [10127, 10128], [10149, -10147], [10149, 10150], [10150, -10147], [10150, 10151], [10152, 10153], [10152, 10154], [10164, 10166], [10242, 10243], [10287, 10288], [10305, 10306], [10313, -10311], [10313, 10314], [10314, 10315], [10314, 10316], [10319, -10319], [10319, 10323], [10370, 10371], [10374, 10375], [10374, 10385], [10379, 10380], [10379, 10385], [10391, 10392], [10391, 10414], [10397, 10398], [10397, 10399], [10399, 10400], [10399, 10401], [10401, 10402], [10401, 10404], [10407, 10408], [10407, 10414], [10414, 10415], [10414, 10432], [10419, -10419], [10419, 10420], [10423, 10424], [10423, 10427], [10424, 10423], [10424, 10425], [10433, 10434], [10433, 10435], [10440, 10442], [10452, 10453], [10466, 10467], [10473, 10474], [10473, 10475], [10484, 10487], [10517, 10518], [10519, 10522], [10523, 10524], [10548, -10543], [10552, -10543], [10553, -10543], [10554, -10543], [10576, 10577], [10623, 10624], [10628, 10629], [10634, 10635], [10743, 10744], [10745, 10746], [10777, 10778], [10800, 10801], [10822, 10823], [10861, 10866], [10867, 10872], [10873, 10878], [10883, 10884], [10890, 10891], [10896, 10897], [10897, 10898], [10897, 10901], [10905, 10906], [10912, 10913], [10940, 10941], [10950, 10963], [10952, 10953], [10953, -10953], [10953, -10946], [10961, 10950], [11017, -52], [11018, 11019], [11023, 11024], [11045, 11046], [11088, 11092]]}}, "totals": {"covered_lines": 5673, "num_statements": 7504, "percent_covered": 71.3330672520455, "percent_covered_display": "71", "missing_lines": 1831, "excluded_lines": 0, "num_branches": 2518, "num_partial_branches": 416, "covered_branches": 1476, "missing_branches": 1042}}